{"C:\\Users\\Zabat\\Desktop\\Universidad\\Bimestre 7\\Taller de Desarrollo de Software\\ZabEsports\\backend\\src\\index.ts": {"path":"C:\\Users\\Zabat\\Desktop\\Universidad\\Bimestre 7\\Taller de Desarrollo de Software\\ZabEsports\\backend\\src\\index.ts","statementMap":{"0":{"start":{"line":1,"column":0},"end":{"line":1,"column":53}},"1":{"start":{"line":2,"column":0},"end":{"line":2,"column":24}},"2":{"start":{"line":3,"column":0},"end":{"line":3,"column":28}},"3":{"start":{"line":4,"column":0},"end":{"line":4,"column":29}},"4":{"start":{"line":7,"column":0},"end":{"line":7,"column":46}},"5":{"start":{"line":8,"column":0},"end":{"line":8,"column":53}},"6":{"start":{"line":9,"column":0},"end":{"line":9,"column":53}},"7":{"start":{"line":10,"column":0},"end":{"line":10,"column":47}},"8":{"start":{"line":11,"column":0},"end":{"line":11,"column":49}},"9":{"start":{"line":12,"column":0},"end":{"line":12,"column":47}},"10":{"start":{"line":13,"column":0},"end":{"line":13,"column":47}},"11":{"start":{"line":14,"column":0},"end":{"line":14,"column":49}},"12":{"start":{"line":16,"column":0},"end":{"line":16,"column":16}},"13":{"start":{"line":20,"column":12},"end":{"line":20,"column":21}},"14":{"start":{"line":83,"column":9},"end":{"line":83,"column":12}},"15":{"start":{"line":21,"column":13},"end":{"line":21,"column":37}},"16":{"start":{"line":26,"column":0},"end":{"line":26,"column":16}},"17":{"start":{"line":27,"column":0},"end":{"line":27,"column":24}},"18":{"start":{"line":32,"column":0},"end":{"line":32,"column":40}},"19":{"start":{"line":33,"column":0},"end":{"line":33,"column":47}},"20":{"start":{"line":34,"column":0},"end":{"line":34,"column":47}},"21":{"start":{"line":35,"column":0},"end":{"line":35,"column":41}},"22":{"start":{"line":36,"column":0},"end":{"line":36,"column":43}},"23":{"start":{"line":37,"column":0},"end":{"line":37,"column":41}},"24":{"start":{"line":38,"column":0},"end":{"line":38,"column":41}},"25":{"start":{"line":39,"column":0},"end":{"line":39,"column":43}},"26":{"start":{"line":42,"column":0},"end":{"line":73,"column":3}},"27":{"start":{"line":43,"column":17},"end":{"line":43,"column":23}},"28":{"start":{"line":44,"column":2},"end":{"line":49,"column":3}},"29":{"start":{"line":45,"column":4},"end":{"line":45,"column":33}},"30":{"start":{"line":46,"column":4},"end":{"line":46,"column":20}},"31":{"start":{"line":48,"column":4},"end":{"line":48,"column":22}},"32":{"start":{"line":51,"column":2},"end":{"line":72,"column":5}},"33":{"start":{"line":78,"column":15},"end":{"line":81,"column":2}},"34":{"start":{"line":79,"column":2},"end":{"line":79,"column":73}},"35":{"start":{"line":80,"column":2},"end":{"line":80,"column":70}},"36":{"start":{"line":83,"column":14},"end":{"line":83,"column":20}},"37":{"start":{"line":84,"column":0},"end":{"line":84,"column":19}}},"fnMap":{"0":{"name":"(anonymous_1)","decl":{"start":{"line":42,"column":23},"end":{"line":42,"column":28}},"loc":{"start":{"line":42,"column":61},"end":{"line":73,"column":1}}},"1":{"name":"(anonymous_2)","decl":{"start":{"line":78,"column":32},"end":{"line":78,"column":35}},"loc":{"start":{"line":78,"column":37},"end":{"line":81,"column":1}}}},"branchMap":{"0":{"loc":{"start":{"line":21,"column":13},"end":{"line":21,"column":37}},"type":"binary-expr","locations":[{"start":{"line":21,"column":13},"end":{"line":21,"column":29}},{"start":{"line":21,"column":33},"end":{"line":21,"column":37}}]},"1":{"loc":{"start":{"line":52,"column":12},"end":{"line":52,"column":49}},"type":"cond-expr","locations":[{"start":{"line":52,"column":32},"end":{"line":52,"column":36}},{"start":{"line":52,"column":39},"end":{"line":52,"column":49}}]}},"s":{"0":7,"1":7,"2":7,"3":7,"4":7,"5":7,"6":7,"7":7,"8":7,"9":7,"10":7,"11":7,"12":7,"13":7,"14":7,"15":7,"16":7,"17":7,"18":7,"19":7,"20":7,"21":7,"22":7,"23":7,"24":7,"25":7,"26":7,"27":1,"28":1,"29":1,"30":1,"31":0,"32":1,"33":7,"34":7,"35":7,"36":7,"37":7},"f":{"0":1,"1":7},"b":{"0":[7,0],"1":[1,0]}}
,"C:\\Users\\Zabat\\Desktop\\Universidad\\Bimestre 7\\Taller de Desarrollo de Software\\ZabEsports\\backend\\src\\middleware\\authMiddleware.ts": {"path":"C:\\Users\\Zabat\\Desktop\\Universidad\\Bimestre 7\\Taller de Desarrollo de Software\\ZabEsports\\backend\\src\\middleware\\authMiddleware.ts","statementMap":{"0":{"start":{"line":2,"column":0},"end":{"line":2,"column":31}},"1":{"start":{"line":3,"column":0},"end":{"line":3,"column":28}},"2":{"start":{"line":4,"column":0},"end":{"line":4,"column":26}},"3":{"start":{"line":5,"column":0},"end":{"line":5,"column":35}},"4":{"start":{"line":16,"column":21},"end":{"line":16,"column":53}},"5":{"start":{"line":17,"column":15},"end":{"line":17,"column":56}},"6":{"start":{"line":20,"column":30},"end":{"line":20,"column":32}},"7":{"start":{"line":21,"column":21},"end":{"line":21,"column":22}},"8":{"start":{"line":22,"column":18},"end":{"line":22,"column":37}},"9":{"start":{"line":27,"column":25},"end":{"line":54,"column":1}},"10":{"start":{"line":28,"column":2},"end":{"line":53,"column":5}},"11":{"start":{"line":29,"column":4},"end":{"line":32,"column":5}},"12":{"start":{"line":30,"column":6},"end":{"line":30,"column":32}},"13":{"start":{"line":31,"column":6},"end":{"line":31,"column":13}},"14":{"start":{"line":34,"column":20},"end":{"line":34,"column":103}},"15":{"start":{"line":35,"column":4},"end":{"line":52,"column":41}},"16":{"start":{"line":36,"column":17},"end":{"line":36,"column":19}},"17":{"start":{"line":37,"column":6},"end":{"line":37,"column":52}},"18":{"start":{"line":37,"column":34},"end":{"line":37,"column":48}},"19":{"start":{"line":38,"column":6},"end":{"line":51,"column":9}},"20":{"start":{"line":39,"column":8},"end":{"line":50,"column":9}},"21":{"start":{"line":40,"column":27},"end":{"line":40,"column":43}},"22":{"start":{"line":41,"column":10},"end":{"line":47,"column":11}},"23":{"start":{"line":42,"column":12},"end":{"line":42,"column":36}},"24":{"start":{"line":43,"column":12},"end":{"line":43,"column":40}},"25":{"start":{"line":44,"column":12},"end":{"line":44,"column":26}},"26":{"start":{"line":46,"column":12},"end":{"line":46,"column":79}},"27":{"start":{"line":49,"column":10},"end":{"line":49,"column":20}},"28":{"start":{"line":52,"column":28},"end":{"line":52,"column":39}},"29":{"start":{"line":59,"column":24},"end":{"line":73,"column":1}},"30":{"start":{"line":60,"column":15},"end":{"line":60,"column":39}},"31":{"start":{"line":61,"column":14},"end":{"line":61,"column":43}},"32":{"start":{"line":61,"column":29},"end":{"line":61,"column":42}},"33":{"start":{"line":62,"column":2},"end":{"line":64,"column":3}},"34":{"start":{"line":63,"column":4},"end":{"line":63,"column":89}},"35":{"start":{"line":67,"column":20},"end":{"line":70,"column":4}},"36":{"start":{"line":72,"column":2},"end":{"line":72,"column":69}},"37":{"start":{"line":75,"column":30},"end":{"line":136,"column":1}},"38":{"start":{"line":76,"column":21},"end":{"line":76,"column":49}},"39":{"start":{"line":77,"column":16},"end":{"line":77,"column":54}},"40":{"start":{"line":79,"column":2},"end":{"line":82,"column":3}},"41":{"start":{"line":80,"column":4},"end":{"line":80,"column":80}},"42":{"start":{"line":81,"column":4},"end":{"line":81,"column":11}},"43":{"start":{"line":85,"column":2},"end":{"line":135,"column":3}},"44":{"start":{"line":86,"column":4},"end":{"line":124,"column":5}},"45":{"start":{"line":87,"column":32},"end":{"line":87,"column":69}},"46":{"start":{"line":88,"column":6},"end":{"line":91,"column":7}},"47":{"start":{"line":89,"column":8},"end":{"line":89,"column":72}},"48":{"start":{"line":90,"column":8},"end":{"line":90,"column":15}},"49":{"start":{"line":93,"column":18},"end":{"line":93,"column":41}},"50":{"start":{"line":94,"column":18},"end":{"line":94,"column":44}},"51":{"start":{"line":96,"column":6},"end":{"line":120,"column":9}},"52":{"start":{"line":97,"column":8},"end":{"line":100,"column":9}},"53":{"start":{"line":98,"column":10},"end":{"line":98,"column":83}},"54":{"start":{"line":99,"column":10},"end":{"line":99,"column":17}},"55":{"start":{"line":102,"column":8},"end":{"line":119,"column":9}},"56":{"start":{"line":103,"column":22},"end":{"line":103,"column":33}},"57":{"start":{"line":104,"column":25},"end":{"line":106,"column":null}},"58":{"start":{"line":109,"column":10},"end":{"line":112,"column":11}},"59":{"start":{"line":110,"column":12},"end":{"line":110,"column":122}},"60":{"start":{"line":111,"column":12},"end":{"line":111,"column":19}},"61":{"start":{"line":114,"column":10},"end":{"line":114,"column":36}},"62":{"start":{"line":115,"column":10},"end":{"line":115,"column":17}},"63":{"start":{"line":117,"column":10},"end":{"line":117,"column":90}},"64":{"start":{"line":118,"column":10},"end":{"line":118,"column":73}},"65":{"start":{"line":122,"column":6},"end":{"line":122,"column":74}},"66":{"start":{"line":123,"column":6},"end":{"line":123,"column":79}},"67":{"start":{"line":127,"column":4},"end":{"line":134,"column":5}},"68":{"start":{"line":128,"column":21},"end":{"line":128,"column":70}},"69":{"start":{"line":129,"column":22},"end":{"line":129,"column":70}},"70":{"start":{"line":130,"column":6},"end":{"line":130,"column":25}},"71":{"start":{"line":131,"column":6},"end":{"line":131,"column":13}},"72":{"start":{"line":133,"column":6},"end":{"line":133,"column":68}},"73":{"start":{"line":75,"column":13},"end":{"line":75,"column":30}},"74":{"start":{"line":138,"column":27},"end":{"line":146,"column":1}},"75":{"start":{"line":139,"column":2},"end":{"line":145,"column":4}},"76":{"start":{"line":140,"column":4},"end":{"line":143,"column":5}},"77":{"start":{"line":141,"column":6},"end":{"line":141,"column":78}},"78":{"start":{"line":142,"column":6},"end":{"line":142,"column":13}},"79":{"start":{"line":144,"column":4},"end":{"line":144,"column":11}},"80":{"start":{"line":138,"column":13},"end":{"line":138,"column":27}}},"fnMap":{"0":{"name":"(anonymous_1)","decl":{"start":{"line":27,"column":25},"end":{"line":27,"column":44}},"loc":{"start":{"line":27,"column":46},"end":{"line":54,"column":1}}},"1":{"name":"(anonymous_2)","decl":{"start":{"line":28,"column":21},"end":{"line":28,"column":22}},"loc":{"start":{"line":28,"column":41},"end":{"line":53,"column":3}}},"2":{"name":"(anonymous_3)","decl":{"start":{"line":35,"column":23},"end":{"line":35,"column":24}},"loc":{"start":{"line":35,"column":31},"end":{"line":52,"column":5}}},"3":{"name":"(anonymous_4)","decl":{"start":{"line":37,"column":21},"end":{"line":37,"column":22}},"loc":{"start":{"line":37,"column":31},"end":{"line":37,"column":50}}},"4":{"name":"(anonymous_5)","decl":{"start":{"line":38,"column":20},"end":{"line":38,"column":23}},"loc":{"start":{"line":38,"column":25},"end":{"line":51,"column":7}}},"5":{"name":"(anonymous_6)","decl":{"start":{"line":52,"column":19},"end":{"line":52,"column":20}},"loc":{"start":{"line":52,"column":28},"end":{"line":52,"column":39}}},"6":{"name":"(anonymous_7)","decl":{"start":{"line":59,"column":24},"end":{"line":59,"column":29}},"loc":{"start":{"line":59,"column":63},"end":{"line":73,"column":1}}},"7":{"name":"(anonymous_8)","decl":{"start":{"line":61,"column":24},"end":{"line":61,"column":25}},"loc":{"start":{"line":61,"column":29},"end":{"line":61,"column":42}}},"8":{"name":"(anonymous_9)","decl":{"start":{"line":75,"column":30},"end":{"line":75,"column":35}},"loc":{"start":{"line":75,"column":107},"end":{"line":136,"column":1}}},"9":{"name":"(anonymous_10)","decl":{"start":{"line":96,"column":56},"end":{"line":96,"column":61}},"loc":{"start":{"line":96,"column":84},"end":{"line":120,"column":7}}},"10":{"name":"(anonymous_11)","decl":{"start":{"line":138,"column":27},"end":{"line":138,"column":28}},"loc":{"start":{"line":138,"column":50},"end":{"line":146,"column":1}}},"11":{"name":"(anonymous_12)","decl":{"start":{"line":139,"column":9},"end":{"line":139,"column":10}},"loc":{"start":{"line":139,"column":71},"end":{"line":145,"column":3}}}},"branchMap":{"0":{"loc":{"start":{"line":17,"column":15},"end":{"line":17,"column":56}},"type":"binary-expr","locations":[{"start":{"line":17,"column":15},"end":{"line":17,"column":41}},{"start":{"line":17,"column":45},"end":{"line":17,"column":56}}]},"1":{"loc":{"start":{"line":29,"column":4},"end":{"line":32,"column":5}},"type":"if","locations":[{"start":{"line":29,"column":4},"end":{"line":32,"column":5}}]},"2":{"loc":{"start":{"line":29,"column":8},"end":{"line":29,"column":80}},"type":"binary-expr","locations":[{"start":{"line":29,"column":8},"end":{"line":29,"column":35}},{"start":{"line":29,"column":40},"end":{"line":29,"column":79}}]},"3":{"loc":{"start":{"line":41,"column":10},"end":{"line":47,"column":11}},"type":"if","locations":[{"start":{"line":41,"column":10},"end":{"line":47,"column":11}},{"start":{"line":45,"column":17},"end":{"line":47,"column":11}}]},"4":{"loc":{"start":{"line":62,"column":2},"end":{"line":64,"column":3}},"type":"if","locations":[{"start":{"line":62,"column":2},"end":{"line":64,"column":3}}]},"5":{"loc":{"start":{"line":77,"column":16},"end":{"line":77,"column":54}},"type":"binary-expr","locations":[{"start":{"line":77,"column":16},"end":{"line":77,"column":26}},{"start":{"line":77,"column":30},"end":{"line":77,"column":54}}]},"6":{"loc":{"start":{"line":79,"column":2},"end":{"line":82,"column":3}},"type":"if","locations":[{"start":{"line":79,"column":2},"end":{"line":82,"column":3}}]},"7":{"loc":{"start":{"line":85,"column":2},"end":{"line":135,"column":3}},"type":"if","locations":[{"start":{"line":85,"column":2},"end":{"line":135,"column":3}},{"start":{"line":125,"column":9},"end":{"line":135,"column":3}}]},"8":{"loc":{"start":{"line":85,"column":6},"end":{"line":85,"column":51}},"type":"binary-expr","locations":[{"start":{"line":85,"column":6},"end":{"line":85,"column":18}},{"start":{"line":85,"column":22},"end":{"line":85,"column":51}}]},"9":{"loc":{"start":{"line":88,"column":6},"end":{"line":91,"column":7}},"type":"if","locations":[{"start":{"line":88,"column":6},"end":{"line":91,"column":7}}]},"10":{"loc":{"start":{"line":88,"column":10},"end":{"line":88,"column":75}},"type":"binary-expr","locations":[{"start":{"line":88,"column":10},"end":{"line":88,"column":23}},{"start":{"line":88,"column":27},"end":{"line":88,"column":47}},{"start":{"line":88,"column":51},"end":{"line":88,"column":75}}]},"11":{"loc":{"start":{"line":97,"column":8},"end":{"line":100,"column":9}},"type":"if","locations":[{"start":{"line":97,"column":8},"end":{"line":100,"column":9}}]},"12":{"loc":{"start":{"line":97,"column":12},"end":{"line":97,"column":27}},"type":"binary-expr","locations":[{"start":{"line":97,"column":12},"end":{"line":97,"column":15}},{"start":{"line":97,"column":19},"end":{"line":97,"column":27}}]},"13":{"loc":{"start":{"line":109,"column":10},"end":{"line":112,"column":11}},"type":"if","locations":[{"start":{"line":109,"column":10},"end":{"line":112,"column":11}}]},"14":{"loc":{"start":{"line":128,"column":21},"end":{"line":128,"column":70}},"type":"binary-expr","locations":[{"start":{"line":128,"column":21},"end":{"line":128,"column":43}},{"start":{"line":128,"column":47},"end":{"line":128,"column":70}}]},"15":{"loc":{"start":{"line":140,"column":4},"end":{"line":143,"column":5}},"type":"if","locations":[{"start":{"line":140,"column":4},"end":{"line":143,"column":5}}]},"16":{"loc":{"start":{"line":140,"column":8},"end":{"line":140,"column":51}},"type":"binary-expr","locations":[{"start":{"line":140,"column":8},"end":{"line":140,"column":17}},{"start":{"line":140,"column":21},"end":{"line":140,"column":51}}]}},"s":{"0":7,"1":7,"2":7,"3":7,"4":7,"5":7,"6":7,"7":7,"8":7,"9":7,"10":0,"11":0,"12":0,"13":0,"14":0,"15":0,"16":0,"17":0,"18":0,"19":0,"20":0,"21":0,"22":0,"23":0,"24":0,"25":0,"26":0,"27":0,"28":0,"29":7,"30":0,"31":0,"32":0,"33":0,"34":0,"35":0,"36":0,"37":7,"38":37,"39":37,"40":37,"41":8,"42":8,"43":29,"44":0,"45":0,"46":0,"47":0,"48":0,"49":0,"50":0,"51":0,"52":0,"53":0,"54":0,"55":0,"56":0,"57":0,"58":0,"59":0,"60":0,"61":0,"62":0,"63":0,"64":0,"65":0,"66":0,"67":29,"68":29,"69":29,"70":29,"71":29,"72":0,"73":7,"74":7,"75":56,"76":12,"77":4,"78":4,"79":8,"80":7},"f":{"0":0,"1":0,"2":0,"3":0,"4":0,"5":0,"6":0,"7":0,"8":37,"9":0,"10":56,"11":12},"b":{"0":[7,7],"1":[0],"2":[0,0],"3":[0,0],"4":[0],"5":[37,29],"6":[8],"7":[0,29],"8":[29,0],"9":[0],"10":[0,0,0],"11":[0],"12":[0,0],"13":[0],"14":[29,0],"15":[4],"16":[12,12]}}
,"C:\\Users\\Zabat\\Desktop\\Universidad\\Bimestre 7\\Taller de Desarrollo de Software\\ZabEsports\\backend\\src\\routes\\auth.ts": {"path":"C:\\Users\\Zabat\\Desktop\\Universidad\\Bimestre 7\\Taller de Desarrollo de Software\\ZabEsports\\backend\\src\\routes\\auth.ts","statementMap":{"0":{"start":{"line":1,"column":0},"end":{"line":1,"column":52}},"1":{"start":{"line":2,"column":0},"end":{"line":2,"column":30}},"2":{"start":{"line":3,"column":0},"end":{"line":3,"column":31}},"3":{"start":{"line":4,"column":0},"end":{"line":4,"column":35}},"4":{"start":{"line":5,"column":0},"end":{"line":5,"column":108}},"5":{"start":{"line":7,"column":15},"end":{"line":7,"column":23}},"6":{"start":{"line":10,"column":0},"end":{"line":51,"column":3}},"7":{"start":{"line":11,"column":40},"end":{"line":11,"column":48}},"8":{"start":{"line":13,"column":2},"end":{"line":16,"column":3}},"9":{"start":{"line":14,"column":4},"end":{"line":14,"column":82}},"10":{"start":{"line":15,"column":4},"end":{"line":15,"column":11}},"11":{"start":{"line":18,"column":2},"end":{"line":21,"column":3}},"12":{"start":{"line":19,"column":4},"end":{"line":19,"column":87}},"13":{"start":{"line":20,"column":4},"end":{"line":20,"column":11}},"14":{"start":{"line":23,"column":2},"end":{"line":50,"column":3}},"15":{"start":{"line":24,"column":26},"end":{"line":24,"column":57}},"16":{"start":{"line":25,"column":32},"end":{"line":25,"column":36}},"17":{"start":{"line":27,"column":4},"end":{"line":29,"column":5}},"18":{"start":{"line":28,"column":6},"end":{"line":28,"column":70}},"19":{"start":{"line":31,"column":19},"end":{"line":35,"column":null}},"20":{"start":{"line":38,"column":4},"end":{"line":41,"column":7}},"21":{"start":{"line":43,"column":14},"end":{"line":43,"column":56}},"22":{"start":{"line":44,"column":4},"end":{"line":49,"column":5}},"23":{"start":{"line":45,"column":6},"end":{"line":45,"column":81}},"24":{"start":{"line":47,"column":6},"end":{"line":47,"column":47}},"25":{"start":{"line":48,"column":6},"end":{"line":48,"column":82}},"26":{"start":{"line":54,"column":0},"end":{"line":126,"column":3}},"27":{"start":{"line":55,"column":30},"end":{"line":55,"column":38}},"28":{"start":{"line":57,"column":2},"end":{"line":60,"column":3}},"29":{"start":{"line":58,"column":4},"end":{"line":58,"column":72}},"30":{"start":{"line":59,"column":4},"end":{"line":59,"column":11}},"31":{"start":{"line":62,"column":2},"end":{"line":125,"column":3}},"32":{"start":{"line":66,"column":4},"end":{"line":107,"column":5}},"33":{"start":{"line":68,"column":28},"end":{"line":68,"column":69}},"34":{"start":{"line":69,"column":6},"end":{"line":69,"column":34}},"35":{"start":{"line":71,"column":21},"end":{"line":73,"column":null}},"36":{"start":{"line":76,"column":6},"end":{"line":79,"column":7}},"37":{"start":{"line":77,"column":8},"end":{"line":77,"column":114}},"38":{"start":{"line":78,"column":8},"end":{"line":78,"column":15}},"39":{"start":{"line":80,"column":6},"end":{"line":80,"column":28}},"40":{"start":{"line":83,"column":21},"end":{"line":85,"column":null}},"41":{"start":{"line":88,"column":6},"end":{"line":91,"column":7}},"42":{"start":{"line":89,"column":8},"end":{"line":89,"column":67}},"43":{"start":{"line":90,"column":8},"end":{"line":90,"column":15}},"44":{"start":{"line":93,"column":6},"end":{"line":93,"column":28}},"45":{"start":{"line":94,"column":28},"end":{"line":94,"column":78}},"46":{"start":{"line":96,"column":6},"end":{"line":99,"column":7}},"47":{"start":{"line":97,"column":8},"end":{"line":97,"column":67}},"48":{"start":{"line":98,"column":8},"end":{"line":98,"column":15}},"49":{"start":{"line":101,"column":21},"end":{"line":101,"column":70}},"50":{"start":{"line":102,"column":6},"end":{"line":106,"column":8}},"51":{"start":{"line":109,"column":4},"end":{"line":121,"column":7}},"52":{"start":{"line":123,"column":4},"end":{"line":123,"column":42}},"53":{"start":{"line":124,"column":4},"end":{"line":124,"column":67}},"54":{"start":{"line":129,"column":0},"end":{"line":129,"column":75}},"55":{"start":{"line":131,"column":0},"end":{"line":158,"column":3}},"56":{"start":{"line":132,"column":2},"end":{"line":157,"column":3}},"57":{"start":{"line":133,"column":19},"end":{"line":135,"column":null}},"58":{"start":{"line":137,"column":4},"end":{"line":140,"column":5}},"59":{"start":{"line":138,"column":6},"end":{"line":138,"column":64}},"60":{"start":{"line":139,"column":6},"end":{"line":139,"column":13}},"61":{"start":{"line":142,"column":17},"end":{"line":142,"column":31}},"62":{"start":{"line":143,"column":4},"end":{"line":153,"column":7}},"63":{"start":{"line":155,"column":4},"end":{"line":155,"column":40}},"64":{"start":{"line":156,"column":4},"end":{"line":156,"column":67}},"65":{"start":{"line":160,"column":0},"end":{"line":160,"column":22}}},"fnMap":{"0":{"name":"(anonymous_1)","decl":{"start":{"line":10,"column":25},"end":{"line":10,"column":30}},"loc":{"start":{"line":10,"column":78},"end":{"line":51,"column":1}}},"1":{"name":"(anonymous_2)","decl":{"start":{"line":54,"column":22},"end":{"line":54,"column":27}},"loc":{"start":{"line":54,"column":75},"end":{"line":126,"column":1}}},"2":{"name":"(anonymous_3)","decl":{"start":{"line":131,"column":34},"end":{"line":131,"column":39}},"loc":{"start":{"line":131,"column":91},"end":{"line":158,"column":1}}}},"branchMap":{"0":{"loc":{"start":{"line":13,"column":2},"end":{"line":16,"column":3}},"type":"if","locations":[{"start":{"line":13,"column":2},"end":{"line":16,"column":3}}]},"1":{"loc":{"start":{"line":13,"column":6},"end":{"line":13,"column":38}},"type":"binary-expr","locations":[{"start":{"line":13,"column":6},"end":{"line":13,"column":15}},{"start":{"line":13,"column":19},"end":{"line":13,"column":25}},{"start":{"line":13,"column":29},"end":{"line":13,"column":38}}]},"2":{"loc":{"start":{"line":18,"column":2},"end":{"line":21,"column":3}},"type":"if","locations":[{"start":{"line":18,"column":2},"end":{"line":21,"column":3}}]},"3":{"loc":{"start":{"line":27,"column":4},"end":{"line":29,"column":5}},"type":"if","locations":[{"start":{"line":27,"column":4},"end":{"line":29,"column":5}}]},"4":{"loc":{"start":{"line":44,"column":4},"end":{"line":49,"column":5}},"type":"if","locations":[{"start":{"line":44,"column":4},"end":{"line":49,"column":5}},{"start":{"line":46,"column":11},"end":{"line":49,"column":5}}]},"5":{"loc":{"start":{"line":48,"column":36},"end":{"line":48,"column":78}},"type":"binary-expr","locations":[{"start":{"line":48,"column":36},"end":{"line":48,"column":45}},{"start":{"line":48,"column":49},"end":{"line":48,"column":78}}]},"6":{"loc":{"start":{"line":57,"column":2},"end":{"line":60,"column":3}},"type":"if","locations":[{"start":{"line":57,"column":2},"end":{"line":60,"column":3}}]},"7":{"loc":{"start":{"line":57,"column":6},"end":{"line":57,"column":25}},"type":"binary-expr","locations":[{"start":{"line":57,"column":6},"end":{"line":57,"column":12}},{"start":{"line":57,"column":16},"end":{"line":57,"column":25}}]},"8":{"loc":{"start":{"line":66,"column":4},"end":{"line":107,"column":5}},"type":"if","locations":[{"start":{"line":66,"column":4},"end":{"line":107,"column":5}},{"start":{"line":81,"column":11},"end":{"line":107,"column":5}}]},"9":{"loc":{"start":{"line":76,"column":6},"end":{"line":79,"column":7}},"type":"if","locations":[{"start":{"line":76,"column":6},"end":{"line":79,"column":7}}]},"10":{"loc":{"start":{"line":88,"column":6},"end":{"line":91,"column":7}},"type":"if","locations":[{"start":{"line":88,"column":6},"end":{"line":91,"column":7}}]},"11":{"loc":{"start":{"line":96,"column":6},"end":{"line":99,"column":7}},"type":"if","locations":[{"start":{"line":96,"column":6},"end":{"line":99,"column":7}}]},"12":{"loc":{"start":{"line":101,"column":21},"end":{"line":101,"column":70}},"type":"binary-expr","locations":[{"start":{"line":101,"column":21},"end":{"line":101,"column":43}},{"start":{"line":101,"column":47},"end":{"line":101,"column":70}}]},"13":{"loc":{"start":{"line":117,"column":28},"end":{"line":117,"column":103}},"type":"cond-expr","locations":[{"start":{"line":117,"column":50},"end":{"line":117,"column":96}},{"start":{"line":117,"column":99},"end":{"line":117,"column":103}}]},"14":{"loc":{"start":{"line":137,"column":4},"end":{"line":140,"column":5}},"type":"if","locations":[{"start":{"line":137,"column":4},"end":{"line":140,"column":5}}]},"15":{"loc":{"start":{"line":149,"column":26},"end":{"line":149,"column":101}},"type":"cond-expr","locations":[{"start":{"line":149,"column":48},"end":{"line":149,"column":94}},{"start":{"line":149,"column":97},"end":{"line":149,"column":101}}]}},"s":{"0":7,"1":7,"2":7,"3":7,"4":7,"5":7,"6":7,"7":4,"8":4,"9":1,"10":1,"11":3,"12":1,"13":1,"14":2,"15":2,"16":2,"17":2,"18":0,"19":2,"20":1,"21":1,"22":1,"23":1,"24":0,"25":0,"26":7,"27":3,"28":3,"29":1,"30":1,"31":2,"32":2,"33":0,"34":0,"35":0,"36":0,"37":0,"38":0,"39":0,"40":2,"41":2,"42":1,"43":1,"44":1,"45":1,"46":1,"47":0,"48":0,"49":1,"50":1,"51":1,"52":0,"53":0,"54":7,"55":7,"56":0,"57":0,"58":0,"59":0,"60":0,"61":0,"62":0,"63":0,"64":0,"65":7},"f":{"0":4,"1":3,"2":0},"b":{"0":[1],"1":[4,4,3],"2":[1],"3":[0],"4":[1,0],"5":[0,0],"6":[1],"7":[3,3],"8":[0,2],"9":[0],"10":[1],"11":[0],"12":[1,0],"13":[0,1],"14":[0],"15":[0,0]}}
,"C:\\Users\\Zabat\\Desktop\\Universidad\\Bimestre 7\\Taller de Desarrollo de Software\\ZabEsports\\backend\\src\\routes\\communities.ts": {"path":"C:\\Users\\Zabat\\Desktop\\Universidad\\Bimestre 7\\Taller de Desarrollo de Software\\ZabEsports\\backend\\src\\routes\\communities.ts","statementMap":{"0":{"start":{"line":1,"column":0},"end":{"line":1,"column":43}},"1":{"start":{"line":2,"column":0},"end":{"line":2,"column":35}},"2":{"start":{"line":3,"column":0},"end":{"line":3,"column":88}},"3":{"start":{"line":5,"column":15},"end":{"line":5,"column":23}},"4":{"start":{"line":8,"column":0},"end":{"line":70,"column":3}},"5":{"start":{"line":9,"column":2},"end":{"line":69,"column":3}},"6":{"start":{"line":10,"column":4},"end":{"line":65,"column":5}},"7":{"start":{"line":11,"column":19},"end":{"line":11,"column":58}},"8":{"start":{"line":12,"column":20},"end":{"line":12,"column":61}},"9":{"start":{"line":13,"column":21},"end":{"line":13,"column":39}},"10":{"start":{"line":15,"column":26},"end":{"line":15,"column":87}},"11":{"start":{"line":16,"column":20},"end":{"line":16,"column":45}},"12":{"start":{"line":17,"column":25},"end":{"line":17,"column":49}},"13":{"start":{"line":19,"column":21},"end":{"line":35,"column":25}},"14":{"start":{"line":37,"column":6},"end":{"line":45,"column":9}},"15":{"start":{"line":48,"column":24},"end":{"line":63,"column":8}},"16":{"start":{"line":64,"column":6},"end":{"line":64,"column":31}},"17":{"start":{"line":67,"column":4},"end":{"line":67,"column":56}},"18":{"start":{"line":68,"column":4},"end":{"line":68,"column":67}},"19":{"start":{"line":73,"column":0},"end":{"line":96,"column":3}},"20":{"start":{"line":74,"column":2},"end":{"line":95,"column":3}},"21":{"start":{"line":75,"column":19},"end":{"line":85,"column":23}},"22":{"start":{"line":87,"column":4},"end":{"line":90,"column":5}},"23":{"start":{"line":88,"column":6},"end":{"line":88,"column":66}},"24":{"start":{"line":89,"column":6},"end":{"line":89,"column":13}},"25":{"start":{"line":91,"column":4},"end":{"line":91,"column":29}},"26":{"start":{"line":93,"column":4},"end":{"line":93,"column":54}},"27":{"start":{"line":94,"column":4},"end":{"line":94,"column":67}},"28":{"start":{"line":99,"column":0},"end":{"line":127,"column":3}},"29":{"start":{"line":100,"column":38},"end":{"line":100,"column":46}},"30":{"start":{"line":102,"column":2},"end":{"line":105,"column":3}},"31":{"start":{"line":103,"column":4},"end":{"line":103,"column":79}},"32":{"start":{"line":104,"column":4},"end":{"line":104,"column":11}},"33":{"start":{"line":107,"column":2},"end":{"line":126,"column":3}},"34":{"start":{"line":108,"column":19},"end":{"line":112,"column":47}},"35":{"start":{"line":114,"column":4},"end":{"line":117,"column":7}},"36":{"start":{"line":119,"column":14},"end":{"line":119,"column":38}},"37":{"start":{"line":120,"column":4},"end":{"line":125,"column":5}},"38":{"start":{"line":121,"column":6},"end":{"line":121,"column":81}},"39":{"start":{"line":123,"column":6},"end":{"line":123,"column":54}},"40":{"start":{"line":124,"column":6},"end":{"line":124,"column":69}},"41":{"start":{"line":130,"column":0},"end":{"line":153,"column":2}},"42":{"start":{"line":135,"column":4},"end":{"line":151,"column":5}},"43":{"start":{"line":136,"column":21},"end":{"line":139,"column":null}},"44":{"start":{"line":142,"column":6},"end":{"line":145,"column":7}},"45":{"start":{"line":143,"column":8},"end":{"line":143,"column":68}},"46":{"start":{"line":144,"column":8},"end":{"line":144,"column":15}},"47":{"start":{"line":147,"column":6},"end":{"line":147,"column":78}},"48":{"start":{"line":149,"column":6},"end":{"line":149,"column":56}},"49":{"start":{"line":150,"column":6},"end":{"line":150,"column":69}},"50":{"start":{"line":156,"column":0},"end":{"line":179,"column":2}},"51":{"start":{"line":161,"column":4},"end":{"line":177,"column":5}},"52":{"start":{"line":162,"column":21},"end":{"line":165,"column":null}},"53":{"start":{"line":168,"column":6},"end":{"line":171,"column":7}},"54":{"start":{"line":169,"column":8},"end":{"line":169,"column":68}},"55":{"start":{"line":170,"column":8},"end":{"line":170,"column":15}},"56":{"start":{"line":173,"column":6},"end":{"line":173,"column":79}},"57":{"start":{"line":175,"column":6},"end":{"line":175,"column":57}},"58":{"start":{"line":176,"column":6},"end":{"line":176,"column":69}},"59":{"start":{"line":182,"column":0},"end":{"line":206,"column":3}},"60":{"start":{"line":183,"column":17},"end":{"line":183,"column":27}},"61":{"start":{"line":184,"column":38},"end":{"line":184,"column":46}},"62":{"start":{"line":185,"column":2},"end":{"line":205,"column":3}},"63":{"start":{"line":186,"column":18},"end":{"line":186,"column":85}},"64":{"start":{"line":187,"column":4},"end":{"line":190,"column":5}},"65":{"start":{"line":188,"column":6},"end":{"line":188,"column":66}},"66":{"start":{"line":189,"column":6},"end":{"line":189,"column":13}},"67":{"start":{"line":191,"column":4},"end":{"line":194,"column":5}},"68":{"start":{"line":192,"column":6},"end":{"line":192,"column":88}},"69":{"start":{"line":193,"column":6},"end":{"line":193,"column":13}},"70":{"start":{"line":196,"column":19},"end":{"line":199,"column":null}},"71":{"start":{"line":201,"column":4},"end":{"line":201,"column":29}},"72":{"start":{"line":203,"column":4},"end":{"line":203,"column":57}},"73":{"start":{"line":204,"column":4},"end":{"line":204,"column":70}},"74":{"start":{"line":209,"column":0},"end":{"line":228,"column":3}},"75":{"start":{"line":210,"column":17},"end":{"line":210,"column":27}},"76":{"start":{"line":211,"column":2},"end":{"line":227,"column":3}},"77":{"start":{"line":212,"column":18},"end":{"line":212,"column":85}},"78":{"start":{"line":213,"column":4},"end":{"line":216,"column":5}},"79":{"start":{"line":214,"column":6},"end":{"line":214,"column":66}},"80":{"start":{"line":215,"column":6},"end":{"line":215,"column":13}},"81":{"start":{"line":217,"column":4},"end":{"line":220,"column":5}},"82":{"start":{"line":218,"column":6},"end":{"line":218,"column":90}},"83":{"start":{"line":219,"column":6},"end":{"line":219,"column":13}},"84":{"start":{"line":222,"column":4},"end":{"line":222,"column":63}},"85":{"start":{"line":223,"column":4},"end":{"line":223,"column":60}},"86":{"start":{"line":225,"column":4},"end":{"line":225,"column":55}},"87":{"start":{"line":226,"column":4},"end":{"line":226,"column":68}},"88":{"start":{"line":231,"column":0},"end":{"line":248,"column":3}},"89":{"start":{"line":232,"column":17},"end":{"line":232,"column":27}},"90":{"start":{"line":233,"column":2},"end":{"line":247,"column":3}},"91":{"start":{"line":234,"column":18},"end":{"line":234,"column":88}},"92":{"start":{"line":235,"column":4},"end":{"line":238,"column":5}},"93":{"start":{"line":236,"column":6},"end":{"line":236,"column":66}},"94":{"start":{"line":237,"column":6},"end":{"line":237,"column":13}},"95":{"start":{"line":239,"column":4},"end":{"line":242,"column":6}},"96":{"start":{"line":243,"column":4},"end":{"line":243,"column":58}},"97":{"start":{"line":245,"column":4},"end":{"line":245,"column":55}},"98":{"start":{"line":246,"column":4},"end":{"line":246,"column":71}},"99":{"start":{"line":251,"column":0},"end":{"line":263,"column":3}},"100":{"start":{"line":252,"column":17},"end":{"line":252,"column":27}},"101":{"start":{"line":253,"column":2},"end":{"line":262,"column":3}},"102":{"start":{"line":254,"column":4},"end":{"line":257,"column":6}},"103":{"start":{"line":258,"column":4},"end":{"line":258,"column":57}},"104":{"start":{"line":260,"column":4},"end":{"line":260,"column":58}},"105":{"start":{"line":261,"column":4},"end":{"line":261,"column":71}},"106":{"start":{"line":265,"column":0},"end":{"line":265,"column":22}}},"fnMap":{"0":{"name":"(anonymous_0)","decl":{"start":{"line":8,"column":16},"end":{"line":8,"column":21}},"loc":{"start":{"line":8,"column":73},"end":{"line":70,"column":1}}},"1":{"name":"(anonymous_1)","decl":{"start":{"line":73,"column":19},"end":{"line":73,"column":24}},"loc":{"start":{"line":73,"column":76},"end":{"line":96,"column":1}}},"2":{"name":"(anonymous_2)","decl":{"start":{"line":99,"column":33},"end":{"line":99,"column":38}},"loc":{"start":{"line":99,"column":90},"end":{"line":127,"column":1}}},"3":{"name":"(anonymous_3)","decl":{"start":{"line":134,"column":2},"end":{"line":134,"column":7}},"loc":{"start":{"line":134,"column":59},"end":{"line":152,"column":3}}},"4":{"name":"(anonymous_4)","decl":{"start":{"line":160,"column":2},"end":{"line":160,"column":7}},"loc":{"start":{"line":160,"column":59},"end":{"line":178,"column":3}}},"5":{"name":"(anonymous_5)","decl":{"start":{"line":182,"column":35},"end":{"line":182,"column":40}},"loc":{"start":{"line":182,"column":92},"end":{"line":206,"column":1}}},"6":{"name":"(anonymous_6)","decl":{"start":{"line":209,"column":38},"end":{"line":209,"column":43}},"loc":{"start":{"line":209,"column":95},"end":{"line":228,"column":1}}},"7":{"name":"(anonymous_7)","decl":{"start":{"line":231,"column":41},"end":{"line":231,"column":46}},"loc":{"start":{"line":231,"column":98},"end":{"line":248,"column":1}}},"8":{"name":"(anonymous_8)","decl":{"start":{"line":251,"column":44},"end":{"line":251,"column":49}},"loc":{"start":{"line":251,"column":101},"end":{"line":263,"column":1}}}},"branchMap":{"0":{"loc":{"start":{"line":10,"column":4},"end":{"line":65,"column":5}},"type":"if","locations":[{"start":{"line":10,"column":4},"end":{"line":65,"column":5}},{"start":{"line":46,"column":11},"end":{"line":65,"column":5}}]},"1":{"loc":{"start":{"line":10,"column":8},"end":{"line":10,"column":41}},"type":"binary-expr","locations":[{"start":{"line":10,"column":8},"end":{"line":10,"column":22}},{"start":{"line":10,"column":26},"end":{"line":10,"column":41}}]},"2":{"loc":{"start":{"line":11,"column":19},"end":{"line":11,"column":58}},"type":"binary-expr","locations":[{"start":{"line":11,"column":19},"end":{"line":11,"column":53}},{"start":{"line":11,"column":57},"end":{"line":11,"column":58}}]},"3":{"loc":{"start":{"line":12,"column":20},"end":{"line":12,"column":61}},"type":"binary-expr","locations":[{"start":{"line":12,"column":20},"end":{"line":12,"column":55}},{"start":{"line":12,"column":59},"end":{"line":12,"column":61}}]},"4":{"loc":{"start":{"line":87,"column":4},"end":{"line":90,"column":5}},"type":"if","locations":[{"start":{"line":87,"column":4},"end":{"line":90,"column":5}}]},"5":{"loc":{"start":{"line":102,"column":2},"end":{"line":105,"column":3}},"type":"if","locations":[{"start":{"line":102,"column":2},"end":{"line":105,"column":3}}]},"6":{"loc":{"start":{"line":120,"column":4},"end":{"line":125,"column":5}},"type":"if","locations":[{"start":{"line":120,"column":4},"end":{"line":125,"column":5}},{"start":{"line":122,"column":11},"end":{"line":125,"column":5}}]},"7":{"loc":{"start":{"line":142,"column":6},"end":{"line":145,"column":7}},"type":"if","locations":[{"start":{"line":142,"column":6},"end":{"line":145,"column":7}}]},"8":{"loc":{"start":{"line":168,"column":6},"end":{"line":171,"column":7}},"type":"if","locations":[{"start":{"line":168,"column":6},"end":{"line":171,"column":7}}]},"9":{"loc":{"start":{"line":187,"column":4},"end":{"line":190,"column":5}},"type":"if","locations":[{"start":{"line":187,"column":4},"end":{"line":190,"column":5}}]},"10":{"loc":{"start":{"line":191,"column":4},"end":{"line":194,"column":5}},"type":"if","locations":[{"start":{"line":191,"column":4},"end":{"line":194,"column":5}}]},"11":{"loc":{"start":{"line":191,"column":8},"end":{"line":191,"column":77}},"type":"binary-expr","locations":[{"start":{"line":191,"column":8},"end":{"line":191,"column":47}},{"start":{"line":191,"column":51},"end":{"line":191,"column":77}}]},"12":{"loc":{"start":{"line":213,"column":4},"end":{"line":216,"column":5}},"type":"if","locations":[{"start":{"line":213,"column":4},"end":{"line":216,"column":5}}]},"13":{"loc":{"start":{"line":217,"column":4},"end":{"line":220,"column":5}},"type":"if","locations":[{"start":{"line":217,"column":4},"end":{"line":220,"column":5}}]},"14":{"loc":{"start":{"line":217,"column":8},"end":{"line":217,"column":77}},"type":"binary-expr","locations":[{"start":{"line":217,"column":8},"end":{"line":217,"column":47}},{"start":{"line":217,"column":51},"end":{"line":217,"column":77}}]},"15":{"loc":{"start":{"line":235,"column":4},"end":{"line":238,"column":5}},"type":"if","locations":[{"start":{"line":235,"column":4},"end":{"line":238,"column":5}}]}},"s":{"0":7,"1":7,"2":7,"3":7,"4":7,"5":2,"6":2,"7":0,"8":0,"9":0,"10":0,"11":0,"12":0,"13":0,"14":0,"15":2,"16":2,"17":0,"18":0,"19":7,"20":0,"21":0,"22":0,"23":0,"24":0,"25":0,"26":0,"27":0,"28":7,"29":2,"30":2,"31":1,"32":1,"33":1,"34":1,"35":1,"36":0,"37":0,"38":0,"39":0,"40":0,"41":7,"42":2,"43":2,"44":2,"45":0,"46":0,"47":2,"48":0,"49":0,"50":7,"51":0,"52":0,"53":0,"54":0,"55":0,"56":0,"57":0,"58":0,"59":7,"60":0,"61":0,"62":0,"63":0,"64":0,"65":0,"66":0,"67":0,"68":0,"69":0,"70":0,"71":0,"72":0,"73":0,"74":7,"75":0,"76":0,"77":0,"78":0,"79":0,"80":0,"81":0,"82":0,"83":0,"84":0,"85":0,"86":0,"87":0,"88":7,"89":0,"90":0,"91":0,"92":0,"93":0,"94":0,"95":0,"96":0,"97":0,"98":0,"99":7,"100":0,"101":0,"102":0,"103":0,"104":0,"105":0,"106":7},"f":{"0":2,"1":0,"2":2,"3":2,"4":0,"5":0,"6":0,"7":0,"8":0},"b":{"0":[0,2],"1":[2,2],"2":[0,0],"3":[0,0],"4":[0],"5":[1],"6":[0,0],"7":[0],"8":[0],"9":[0],"10":[0],"11":[0,0],"12":[0],"13":[0],"14":[0,0],"15":[0]}}
,"C:\\Users\\Zabat\\Desktop\\Universidad\\Bimestre 7\\Taller de Desarrollo de Software\\ZabEsports\\backend\\src\\routes\\players.ts": {"path":"C:\\Users\\Zabat\\Desktop\\Universidad\\Bimestre 7\\Taller de Desarrollo de Software\\ZabEsports\\backend\\src\\routes\\players.ts","statementMap":{"0":{"start":{"line":1,"column":0},"end":{"line":1,"column":52}},"1":{"start":{"line":2,"column":0},"end":{"line":2,"column":35}},"2":{"start":{"line":3,"column":0},"end":{"line":3,"column":25}},"3":{"start":{"line":5,"column":15},"end":{"line":5,"column":23}},"4":{"start":{"line":7,"column":21},"end":{"line":7,"column":45}},"5":{"start":{"line":10,"column":27},"end":{"line":15,"column":2}},"6":{"start":{"line":19,"column":2},"end":{"line":38,"column":5}},"7":{"start":{"line":20,"column":4},"end":{"line":37,"column":27}},"8":{"start":{"line":23,"column":17},"end":{"line":23,"column":19}},"9":{"start":{"line":24,"column":6},"end":{"line":24,"column":52}},"10":{"start":{"line":24,"column":34},"end":{"line":24,"column":48}},"11":{"start":{"line":25,"column":6},"end":{"line":36,"column":9}},"12":{"start":{"line":26,"column":8},"end":{"line":35,"column":9}},"13":{"start":{"line":27,"column":25},"end":{"line":27,"column":41}},"14":{"start":{"line":28,"column":10},"end":{"line":32,"column":11}},"15":{"start":{"line":29,"column":12},"end":{"line":29,"column":103}},"16":{"start":{"line":31,"column":12},"end":{"line":31,"column":28}},"17":{"start":{"line":34,"column":10},"end":{"line":34,"column":24}},"18":{"start":{"line":42,"column":0},"end":{"line":109,"column":3}},"19":{"start":{"line":43,"column":2},"end":{"line":108,"column":3}},"20":{"start":{"line":44,"column":31},"end":{"line":44,"column":40}},"21":{"start":{"line":46,"column":14},"end":{"line":60,"column":6}},"22":{"start":{"line":62,"column":19},"end":{"line":62,"column":35}},"23":{"start":{"line":66,"column":22},"end":{"line":66,"column":64}},"24":{"start":{"line":67,"column":27},"end":{"line":67,"column":103}},"25":{"start":{"line":69,"column":20},"end":{"line":95,"column":6}},"26":{"start":{"line":71,"column":23},"end":{"line":71,"column":47}},"27":{"start":{"line":72,"column":25},"end":{"line":72,"column":54}},"28":{"start":{"line":75,"column":20},"end":{"line":75,"column":27}},"29":{"start":{"line":76,"column":16},"end":{"line":76,"column":25}},"30":{"start":{"line":77,"column":6},"end":{"line":80,"column":7}},"31":{"start":{"line":78,"column":8},"end":{"line":78,"column":26}},"32":{"start":{"line":79,"column":8},"end":{"line":79,"column":24}},"33":{"start":{"line":82,"column":6},"end":{"line":94,"column":8}},"34":{"start":{"line":98,"column":21},"end":{"line":102,"column":6}},"35":{"start":{"line":99,"column":23},"end":{"line":99,"column":81}},"36":{"start":{"line":100,"column":24},"end":{"line":100,"column":116}},"37":{"start":{"line":101,"column":6},"end":{"line":101,"column":35}},"38":{"start":{"line":104,"column":4},"end":{"line":104,"column":23}},"39":{"start":{"line":106,"column":4},"end":{"line":106,"column":54}},"40":{"start":{"line":107,"column":4},"end":{"line":107,"column":67}},"41":{"start":{"line":113,"column":0},"end":{"line":154,"column":3}},"42":{"start":{"line":114,"column":40},"end":{"line":114,"column":48}},"43":{"start":{"line":116,"column":2},"end":{"line":119,"column":3}},"44":{"start":{"line":117,"column":4},"end":{"line":117,"column":89}},"45":{"start":{"line":118,"column":4},"end":{"line":118,"column":11}},"46":{"start":{"line":121,"column":2},"end":{"line":153,"column":3}},"47":{"start":{"line":123,"column":23},"end":{"line":123,"column":158}},"48":{"start":{"line":124,"column":24},"end":{"line":124,"column":57}},"49":{"start":{"line":126,"column":4},"end":{"line":129,"column":5}},"50":{"start":{"line":127,"column":6},"end":{"line":127,"column":81}},"51":{"start":{"line":128,"column":6},"end":{"line":128,"column":13}},"52":{"start":{"line":132,"column":22},"end":{"line":132,"column":110}},"53":{"start":{"line":133,"column":4},"end":{"line":136,"column":5}},"54":{"start":{"line":134,"column":6},"end":{"line":134,"column":125}},"55":{"start":{"line":135,"column":6},"end":{"line":135,"column":13}},"56":{"start":{"line":139,"column":24},"end":{"line":139,"column":77}},"57":{"start":{"line":140,"column":23},"end":{"line":140,"column":54}},"58":{"start":{"line":142,"column":4},"end":{"line":149,"column":7}},"59":{"start":{"line":151,"column":4},"end":{"line":151,"column":56}},"60":{"start":{"line":152,"column":4},"end":{"line":152,"column":106}},"61":{"start":{"line":158,"column":0},"end":{"line":220,"column":3}},"62":{"start":{"line":159,"column":61},"end":{"line":159,"column":69}},"63":{"start":{"line":161,"column":2},"end":{"line":164,"column":3}},"64":{"start":{"line":162,"column":4},"end":{"line":162,"column":74}},"65":{"start":{"line":163,"column":4},"end":{"line":163,"column":11}},"66":{"start":{"line":166,"column":2},"end":{"line":219,"column":3}},"67":{"start":{"line":168,"column":24},"end":{"line":168,"column":99}},"68":{"start":{"line":169,"column":25},"end":{"line":169,"column":59}},"69":{"start":{"line":174,"column":26},"end":{"line":174,"column":116}},"70":{"start":{"line":176,"column":4},"end":{"line":181,"column":5}},"71":{"start":{"line":177,"column":6},"end":{"line":179,"column":9}},"72":{"start":{"line":178,"column":174},"end":{"line":178,"column":203}},"73":{"start":{"line":180,"column":6},"end":{"line":180,"column":13}},"74":{"start":{"line":184,"column":22},"end":{"line":184,"column":93}},"75":{"start":{"line":185,"column":23},"end":{"line":185,"column":55}},"76":{"start":{"line":188,"column":27},"end":{"line":188,"column":37}},"77":{"start":{"line":189,"column":18},"end":{"line":189,"column":88}},"78":{"start":{"line":189,"column":50},"end":{"line":189,"column":87}},"79":{"start":{"line":190,"column":4},"end":{"line":195,"column":5}},"80":{"start":{"line":191,"column":6},"end":{"line":191,"column":55}},"81":{"start":{"line":192,"column":11},"end":{"line":195,"column":5}},"82":{"start":{"line":194,"column":6},"end":{"line":194,"column":71}},"83":{"start":{"line":198,"column":4},"end":{"line":208,"column":89}},"84":{"start":{"line":210,"column":4},"end":{"line":215,"column":7}},"85":{"start":{"line":217,"column":4},"end":{"line":217,"column":58}},"86":{"start":{"line":218,"column":4},"end":{"line":218,"column":112}},"87":{"start":{"line":223,"column":0},"end":{"line":223,"column":75}},"88":{"start":{"line":226,"column":0},"end":{"line":249,"column":3}},"89":{"start":{"line":227,"column":44},"end":{"line":227,"column":52}},"90":{"start":{"line":229,"column":2},"end":{"line":232,"column":3}},"91":{"start":{"line":230,"column":4},"end":{"line":230,"column":87}},"92":{"start":{"line":231,"column":4},"end":{"line":231,"column":11}},"93":{"start":{"line":234,"column":2},"end":{"line":248,"column":3}},"94":{"start":{"line":235,"column":19},"end":{"line":239,"column":61}},"95":{"start":{"line":241,"column":4},"end":{"line":244,"column":7}},"96":{"start":{"line":246,"column":4},"end":{"line":246,"column":57}},"97":{"start":{"line":247,"column":4},"end":{"line":247,"column":83}},"98":{"start":{"line":252,"column":0},"end":{"line":275,"column":3}},"99":{"start":{"line":253,"column":2},"end":{"line":274,"column":3}},"100":{"start":{"line":254,"column":19},"end":{"line":268,"column":22}},"101":{"start":{"line":270,"column":4},"end":{"line":270,"column":26}},"102":{"start":{"line":272,"column":4},"end":{"line":272,"column":57}},"103":{"start":{"line":273,"column":4},"end":{"line":273,"column":87}},"104":{"start":{"line":278,"column":0},"end":{"line":323,"column":3}},"105":{"start":{"line":279,"column":21},"end":{"line":279,"column":29}},"106":{"start":{"line":281,"column":2},"end":{"line":284,"column":3}},"107":{"start":{"line":282,"column":4},"end":{"line":282,"column":87}},"108":{"start":{"line":283,"column":4},"end":{"line":283,"column":11}},"109":{"start":{"line":286,"column":2},"end":{"line":322,"column":3}},"110":{"start":{"line":287,"column":4},"end":{"line":287,"column":25}},"111":{"start":{"line":289,"column":19},"end":{"line":294,"column":45}},"112":{"start":{"line":296,"column":4},"end":{"line":300,"column":5}},"113":{"start":{"line":297,"column":6},"end":{"line":297,"column":30}},"114":{"start":{"line":298,"column":6},"end":{"line":298,"column":95}},"115":{"start":{"line":299,"column":6},"end":{"line":299,"column":13}},"116":{"start":{"line":303,"column":4},"end":{"line":310,"column":5}},"117":{"start":{"line":304,"column":25},"end":{"line":304,"column":39}},"118":{"start":{"line":305,"column":6},"end":{"line":309,"column":45}},"119":{"start":{"line":312,"column":4},"end":{"line":312,"column":26}},"120":{"start":{"line":314,"column":4},"end":{"line":317,"column":7}},"121":{"start":{"line":319,"column":4},"end":{"line":319,"column":28}},"122":{"start":{"line":320,"column":4},"end":{"line":320,"column":57}},"123":{"start":{"line":321,"column":4},"end":{"line":321,"column":73}},"124":{"start":{"line":325,"column":0},"end":{"line":325,"column":22}}},"fnMap":{"0":{"name":"makeRiotRequest","decl":{"start":{"line":18,"column":9},"end":{"line":18,"column":24}},"loc":{"start":{"line":18,"column":36},"end":{"line":39,"column":1}}},"1":{"name":"(anonymous_2)","decl":{"start":{"line":19,"column":21},"end":{"line":19,"column":22}},"loc":{"start":{"line":19,"column":41},"end":{"line":38,"column":3}}},"2":{"name":"(anonymous_3)","decl":{"start":{"line":22,"column":7},"end":{"line":22,"column":8}},"loc":{"start":{"line":22,"column":15},"end":{"line":37,"column":5}}},"3":{"name":"(anonymous_4)","decl":{"start":{"line":24,"column":21},"end":{"line":24,"column":22}},"loc":{"start":{"line":24,"column":31},"end":{"line":24,"column":50}}},"4":{"name":"(anonymous_5)","decl":{"start":{"line":25,"column":20},"end":{"line":25,"column":23}},"loc":{"start":{"line":25,"column":25},"end":{"line":36,"column":7}}},"5":{"name":"(anonymous_6)","decl":{"start":{"line":42,"column":16},"end":{"line":42,"column":21}},"loc":{"start":{"line":42,"column":69},"end":{"line":109,"column":1}}},"6":{"name":"(anonymous_7)","decl":{"start":{"line":69,"column":36},"end":{"line":69,"column":37}},"loc":{"start":{"line":69,"column":49},"end":{"line":95,"column":5}}},"7":{"name":"(anonymous_8)","decl":{"start":{"line":98,"column":36},"end":{"line":98,"column":37}},"loc":{"start":{"line":98,"column":40},"end":{"line":102,"column":5}}},"8":{"name":"(anonymous_9)","decl":{"start":{"line":113,"column":26},"end":{"line":113,"column":31}},"loc":{"start":{"line":113,"column":79},"end":{"line":154,"column":1}}},"9":{"name":"(anonymous_10)","decl":{"start":{"line":158,"column":28},"end":{"line":158,"column":33}},"loc":{"start":{"line":158,"column":81},"end":{"line":220,"column":1}}},"10":{"name":"(anonymous_11)","decl":{"start":{"line":178,"column":169},"end":{"line":178,"column":170}},"loc":{"start":{"line":178,"column":174},"end":{"line":178,"column":203}}},"11":{"name":"(anonymous_12)","decl":{"start":{"line":189,"column":34},"end":{"line":189,"column":35}},"loc":{"start":{"line":189,"column":50},"end":{"line":189,"column":87}}},"12":{"name":"(anonymous_13)","decl":{"start":{"line":226,"column":40},"end":{"line":226,"column":45}},"loc":{"start":{"line":226,"column":97},"end":{"line":249,"column":1}}},"13":{"name":"(anonymous_14)","decl":{"start":{"line":252,"column":43},"end":{"line":252,"column":48}},"loc":{"start":{"line":252,"column":100},"end":{"line":275,"column":1}}},"14":{"name":"(anonymous_15)","decl":{"start":{"line":278,"column":49},"end":{"line":278,"column":54}},"loc":{"start":{"line":278,"column":106},"end":{"line":323,"column":1}}}},"branchMap":{"0":{"loc":{"start":{"line":28,"column":10},"end":{"line":32,"column":11}},"type":"if","locations":[{"start":{"line":28,"column":10},"end":{"line":32,"column":11}},{"start":{"line":30,"column":17},"end":{"line":32,"column":11}}]},"1":{"loc":{"start":{"line":28,"column":14},"end":{"line":28,"column":53}},"type":"binary-expr","locations":[{"start":{"line":28,"column":14},"end":{"line":28,"column":28}},{"start":{"line":28,"column":32},"end":{"line":28,"column":53}}]},"2":{"loc":{"start":{"line":29,"column":54},"end":{"line":29,"column":99}},"type":"binary-expr","locations":[{"start":{"line":29,"column":54},"end":{"line":29,"column":76}},{"start":{"line":29,"column":80},"end":{"line":29,"column":99}}]},"3":{"loc":{"start":{"line":77,"column":6},"end":{"line":80,"column":7}},"type":"if","locations":[{"start":{"line":77,"column":6},"end":{"line":80,"column":7}}]},"4":{"loc":{"start":{"line":85,"column":19},"end":{"line":85,"column":85}},"type":"cond-expr","locations":[{"start":{"line":85,"column":38},"end":{"line":85,"column":78}},{"start":{"line":85,"column":81},"end":{"line":85,"column":85}}]},"5":{"loc":{"start":{"line":86,"column":14},"end":{"line":86,"column":38}},"type":"binary-expr","locations":[{"start":{"line":86,"column":14},"end":{"line":86,"column":24}},{"start":{"line":86,"column":28},"end":{"line":86,"column":38}}]},"6":{"loc":{"start":{"line":87,"column":15},"end":{"line":87,"column":40}},"type":"binary-expr","locations":[{"start":{"line":87,"column":15},"end":{"line":87,"column":35}},{"start":{"line":87,"column":39},"end":{"line":87,"column":40}}]},"7":{"loc":{"start":{"line":99,"column":23},"end":{"line":99,"column":81}},"type":"binary-expr","locations":[{"start":{"line":99,"column":23},"end":{"line":99,"column":32}},{"start":{"line":99,"column":36},"end":{"line":99,"column":54}},{"start":{"line":99,"column":58},"end":{"line":99,"column":81}}]},"8":{"loc":{"start":{"line":100,"column":24},"end":{"line":100,"column":116}},"type":"binary-expr","locations":[{"start":{"line":100,"column":24},"end":{"line":100,"column":29}},{"start":{"line":100,"column":33},"end":{"line":100,"column":47}},{"start":{"line":100,"column":51},"end":{"line":100,"column":116}}]},"9":{"loc":{"start":{"line":101,"column":13},"end":{"line":101,"column":34}},"type":"binary-expr","locations":[{"start":{"line":101,"column":13},"end":{"line":101,"column":21}},{"start":{"line":101,"column":25},"end":{"line":101,"column":34}}]},"10":{"loc":{"start":{"line":116,"column":2},"end":{"line":119,"column":3}},"type":"if","locations":[{"start":{"line":116,"column":2},"end":{"line":119,"column":3}}]},"11":{"loc":{"start":{"line":116,"column":6},"end":{"line":116,"column":38}},"type":"binary-expr","locations":[{"start":{"line":116,"column":6},"end":{"line":116,"column":15}},{"start":{"line":116,"column":19},"end":{"line":116,"column":27}},{"start":{"line":116,"column":31},"end":{"line":116,"column":38}}]},"12":{"loc":{"start":{"line":126,"column":4},"end":{"line":129,"column":5}},"type":"if","locations":[{"start":{"line":126,"column":4},"end":{"line":129,"column":5}}]},"13":{"loc":{"start":{"line":133,"column":4},"end":{"line":136,"column":5}},"type":"if","locations":[{"start":{"line":133,"column":4},"end":{"line":136,"column":5}}]},"14":{"loc":{"start":{"line":152,"column":15},"end":{"line":152,"column":32}},"type":"binary-expr","locations":[{"start":{"line":152,"column":15},"end":{"line":152,"column":25}},{"start":{"line":152,"column":29},"end":{"line":152,"column":32}}]},"15":{"loc":{"start":{"line":152,"column":48},"end":{"line":152,"column":102}},"type":"binary-expr","locations":[{"start":{"line":152,"column":48},"end":{"line":152,"column":59}},{"start":{"line":152,"column":63},"end":{"line":152,"column":102}}]},"16":{"loc":{"start":{"line":161,"column":2},"end":{"line":164,"column":3}},"type":"if","locations":[{"start":{"line":161,"column":2},"end":{"line":164,"column":3}}]},"17":{"loc":{"start":{"line":161,"column":6},"end":{"line":161,"column":65}},"type":"binary-expr","locations":[{"start":{"line":161,"column":6},"end":{"line":161,"column":12}},{"start":{"line":161,"column":16},"end":{"line":161,"column":25}},{"start":{"line":161,"column":29},"end":{"line":161,"column":37}},{"start":{"line":161,"column":41},"end":{"line":161,"column":54}},{"start":{"line":161,"column":58},"end":{"line":161,"column":65}}]},"18":{"loc":{"start":{"line":174,"column":26},"end":{"line":174,"column":116}},"type":"binary-expr","locations":[{"start":{"line":174,"column":26},"end":{"line":174,"column":77}},{"start":{"line":174,"column":81},"end":{"line":174,"column":116}}]},"19":{"loc":{"start":{"line":176,"column":4},"end":{"line":181,"column":5}},"type":"if","locations":[{"start":{"line":176,"column":4},"end":{"line":181,"column":5}}]},"20":{"loc":{"start":{"line":190,"column":4},"end":{"line":195,"column":5}},"type":"if","locations":[{"start":{"line":190,"column":4},"end":{"line":195,"column":5}},{"start":{"line":192,"column":11},"end":{"line":195,"column":5}}]},"21":{"loc":{"start":{"line":192,"column":11},"end":{"line":195,"column":5}},"type":"if","locations":[{"start":{"line":192,"column":11},"end":{"line":195,"column":5}}]},"22":{"loc":{"start":{"line":218,"column":15},"end":{"line":218,"column":32}},"type":"binary-expr","locations":[{"start":{"line":218,"column":15},"end":{"line":218,"column":25}},{"start":{"line":218,"column":29},"end":{"line":218,"column":32}}]},"23":{"loc":{"start":{"line":218,"column":48},"end":{"line":218,"column":108}},"type":"binary-expr","locations":[{"start":{"line":218,"column":48},"end":{"line":218,"column":59}},{"start":{"line":218,"column":63},"end":{"line":218,"column":108}}]},"24":{"loc":{"start":{"line":229,"column":2},"end":{"line":232,"column":3}},"type":"if","locations":[{"start":{"line":229,"column":2},"end":{"line":232,"column":3}}]},"25":{"loc":{"start":{"line":229,"column":6},"end":{"line":229,"column":30}},"type":"binary-expr","locations":[{"start":{"line":229,"column":6},"end":{"line":229,"column":18}},{"start":{"line":229,"column":22},"end":{"line":229,"column":30}}]},"26":{"loc":{"start":{"line":239,"column":44},"end":{"line":239,"column":59}},"type":"binary-expr","locations":[{"start":{"line":239,"column":44},"end":{"line":239,"column":51}},{"start":{"line":239,"column":55},"end":{"line":239,"column":59}}]},"27":{"loc":{"start":{"line":281,"column":2},"end":{"line":284,"column":3}},"type":"if","locations":[{"start":{"line":281,"column":2},"end":{"line":284,"column":3}}]},"28":{"loc":{"start":{"line":281,"column":6},"end":{"line":281,"column":60}},"type":"binary-expr","locations":[{"start":{"line":281,"column":6},"end":{"line":281,"column":13}},{"start":{"line":281,"column":17},"end":{"line":281,"column":60}}]},"29":{"loc":{"start":{"line":296,"column":4},"end":{"line":300,"column":5}},"type":"if","locations":[{"start":{"line":296,"column":4},"end":{"line":300,"column":5}}]},"30":{"loc":{"start":{"line":303,"column":4},"end":{"line":310,"column":5}},"type":"if","locations":[{"start":{"line":303,"column":4},"end":{"line":310,"column":5}}]},"31":{"loc":{"start":{"line":315,"column":29},"end":{"line":315,"column":77}},"type":"cond-expr","locations":[{"start":{"line":315,"column":53},"end":{"line":315,"column":63}},{"start":{"line":315,"column":66},"end":{"line":315,"column":77}}]}},"s":{"0":7,"1":7,"2":7,"3":7,"4":7,"5":7,"6":4,"7":4,"8":4,"9":4,"10":4,"11":4,"12":4,"13":4,"14":4,"15":0,"16":4,"17":0,"18":7,"19":1,"20":1,"21":1,"22":1,"23":1,"24":1,"25":1,"26":1,"27":1,"28":1,"29":1,"30":1,"31":1,"32":1,"33":1,"34":1,"35":1,"36":1,"37":1,"38":1,"39":0,"40":0,"41":7,"42":3,"43":3,"44":1,"45":1,"46":2,"47":2,"48":2,"49":2,"50":0,"51":0,"52":2,"53":2,"54":1,"55":1,"56":1,"57":1,"58":1,"59":0,"60":0,"61":7,"62":1,"63":1,"64":0,"65":0,"66":1,"67":1,"68":1,"69":1,"70":1,"71":0,"72":0,"73":0,"74":1,"75":1,"76":1,"77":1,"78":1,"79":1,"80":1,"81":0,"82":0,"83":1,"84":1,"85":0,"86":0,"87":7,"88":7,"89":0,"90":0,"91":0,"92":0,"93":0,"94":0,"95":0,"96":0,"97":0,"98":7,"99":0,"100":0,"101":0,"102":0,"103":0,"104":7,"105":0,"106":0,"107":0,"108":0,"109":0,"110":0,"111":0,"112":0,"113":0,"114":0,"115":0,"116":0,"117":0,"118":0,"119":0,"120":0,"121":0,"122":0,"123":0,"124":7},"f":{"0":4,"1":4,"2":4,"3":4,"4":4,"5":1,"6":1,"7":1,"8":3,"9":1,"10":0,"11":1,"12":0,"13":0,"14":0},"b":{"0":[0,4],"1":[4,4],"2":[0,0],"3":[1],"4":[1,0],"5":[1,0],"6":[1,0],"7":[1,0,0],"8":[1,0,0],"9":[1,1],"10":[1],"11":[3,3,2],"12":[0],"13":[1],"14":[0,0],"15":[0,0],"16":[0],"17":[1,1,1,1,1],"18":[1,1],"19":[0],"20":[1,0],"21":[0],"22":[0,0],"23":[0,0],"24":[0],"25":[0,0],"26":[0,0],"27":[0],"28":[0,0],"29":[0],"30":[0],"31":[0,0]}}
,"C:\\Users\\Zabat\\Desktop\\Universidad\\Bimestre 7\\Taller de Desarrollo de Software\\ZabEsports\\backend\\src\\routes\\posts.ts": {"path":"C:\\Users\\Zabat\\Desktop\\Universidad\\Bimestre 7\\Taller de Desarrollo de Software\\ZabEsports\\backend\\src\\routes\\posts.ts","statementMap":{"0":{"start":{"line":1,"column":0},"end":{"line":1,"column":52}},"1":{"start":{"line":2,"column":0},"end":{"line":2,"column":35}},"2":{"start":{"line":3,"column":0},"end":{"line":3,"column":75}},"3":{"start":{"line":5,"column":15},"end":{"line":5,"column":23}},"4":{"start":{"line":8,"column":0},"end":{"line":63,"column":3}},"5":{"start":{"line":9,"column":2},"end":{"line":62,"column":3}},"6":{"start":{"line":10,"column":4},"end":{"line":58,"column":5}},"7":{"start":{"line":11,"column":19},"end":{"line":11,"column":58}},"8":{"start":{"line":12,"column":20},"end":{"line":12,"column":61}},"9":{"start":{"line":13,"column":21},"end":{"line":13,"column":39}},"10":{"start":{"line":15,"column":26},"end":{"line":15,"column":81}},"11":{"start":{"line":16,"column":20},"end":{"line":16,"column":45}},"12":{"start":{"line":17,"column":25},"end":{"line":17,"column":49}},"13":{"start":{"line":19,"column":21},"end":{"line":31,"column":25}},"14":{"start":{"line":33,"column":6},"end":{"line":41,"column":9}},"15":{"start":{"line":44,"column":28},"end":{"line":56,"column":8}},"16":{"start":{"line":57,"column":6},"end":{"line":57,"column":35}},"17":{"start":{"line":60,"column":4},"end":{"line":60,"column":50}},"18":{"start":{"line":61,"column":4},"end":{"line":61,"column":67}},"19":{"start":{"line":66,"column":0},"end":{"line":86,"column":3}},"20":{"start":{"line":67,"column":58},"end":{"line":67,"column":66}},"21":{"start":{"line":69,"column":2},"end":{"line":72,"column":3}},"22":{"start":{"line":70,"column":4},"end":{"line":70,"column":74}},"23":{"start":{"line":71,"column":4},"end":{"line":71,"column":11}},"24":{"start":{"line":74,"column":2},"end":{"line":85,"column":3}},"25":{"start":{"line":75,"column":19},"end":{"line":79,"column":83}},"26":{"start":{"line":81,"column":4},"end":{"line":81,"column":76}},"27":{"start":{"line":83,"column":4},"end":{"line":83,"column":47}},"28":{"start":{"line":84,"column":4},"end":{"line":84,"column":67}},"29":{"start":{"line":89,"column":0},"end":{"line":107,"column":3}},"30":{"start":{"line":90,"column":22},"end":{"line":90,"column":30}},"31":{"start":{"line":91,"column":2},"end":{"line":94,"column":3}},"32":{"start":{"line":92,"column":4},"end":{"line":92,"column":81}},"33":{"start":{"line":93,"column":4},"end":{"line":93,"column":11}},"34":{"start":{"line":95,"column":2},"end":{"line":106,"column":3}},"35":{"start":{"line":96,"column":19},"end":{"line":100,"column":46}},"36":{"start":{"line":102,"column":4},"end":{"line":102,"column":87}},"37":{"start":{"line":104,"column":4},"end":{"line":104,"column":55}},"38":{"start":{"line":105,"column":4},"end":{"line":105,"column":67}},"39":{"start":{"line":110,"column":0},"end":{"line":125,"column":3}},"40":{"start":{"line":111,"column":2},"end":{"line":124,"column":3}},"41":{"start":{"line":112,"column":19},"end":{"line":118,"column":23}},"42":{"start":{"line":120,"column":4},"end":{"line":120,"column":26}},"43":{"start":{"line":122,"column":4},"end":{"line":122,"column":56}},"44":{"start":{"line":123,"column":4},"end":{"line":123,"column":67}},"45":{"start":{"line":128,"column":0},"end":{"line":156,"column":3}},"46":{"start":{"line":129,"column":2},"end":{"line":155,"column":3}},"47":{"start":{"line":131,"column":4},"end":{"line":135,"column":38}},"48":{"start":{"line":138,"column":19},"end":{"line":144,"column":23}},"49":{"start":{"line":146,"column":4},"end":{"line":149,"column":5}},"50":{"start":{"line":147,"column":6},"end":{"line":147,"column":61}},"51":{"start":{"line":148,"column":6},"end":{"line":148,"column":13}},"52":{"start":{"line":151,"column":4},"end":{"line":151,"column":68}},"53":{"start":{"line":153,"column":4},"end":{"line":153,"column":45}},"54":{"start":{"line":154,"column":4},"end":{"line":154,"column":67}},"55":{"start":{"line":159,"column":0},"end":{"line":178,"column":3}},"56":{"start":{"line":160,"column":21},"end":{"line":160,"column":29}},"57":{"start":{"line":162,"column":2},"end":{"line":165,"column":3}},"58":{"start":{"line":163,"column":4},"end":{"line":163,"column":75}},"59":{"start":{"line":164,"column":4},"end":{"line":164,"column":11}},"60":{"start":{"line":167,"column":2},"end":{"line":177,"column":3}},"61":{"start":{"line":168,"column":4},"end":{"line":171,"column":46}},"62":{"start":{"line":173,"column":4},"end":{"line":173,"column":95}},"63":{"start":{"line":175,"column":4},"end":{"line":175,"column":50}},"64":{"start":{"line":176,"column":4},"end":{"line":176,"column":67}},"65":{"start":{"line":181,"column":0},"end":{"line":202,"column":3}},"66":{"start":{"line":182,"column":29},"end":{"line":182,"column":37}},"67":{"start":{"line":183,"column":2},"end":{"line":186,"column":3}},"68":{"start":{"line":184,"column":4},"end":{"line":184,"column":74}},"69":{"start":{"line":185,"column":4},"end":{"line":185,"column":11}},"70":{"start":{"line":187,"column":2},"end":{"line":201,"column":3}},"71":{"start":{"line":188,"column":19},"end":{"line":191,"column":null}},"72":{"start":{"line":193,"column":4},"end":{"line":196,"column":5}},"73":{"start":{"line":194,"column":6},"end":{"line":194,"column":96}},"74":{"start":{"line":195,"column":6},"end":{"line":195,"column":13}},"75":{"start":{"line":197,"column":4},"end":{"line":197,"column":79}},"76":{"start":{"line":199,"column":4},"end":{"line":199,"column":52}},"77":{"start":{"line":200,"column":4},"end":{"line":200,"column":67}},"78":{"start":{"line":205,"column":0},"end":{"line":220,"column":3}},"79":{"start":{"line":206,"column":2},"end":{"line":219,"column":3}},"80":{"start":{"line":207,"column":19},"end":{"line":209,"column":null}},"81":{"start":{"line":211,"column":4},"end":{"line":214,"column":5}},"82":{"start":{"line":212,"column":6},"end":{"line":212,"column":98}},"83":{"start":{"line":213,"column":6},"end":{"line":213,"column":13}},"84":{"start":{"line":215,"column":4},"end":{"line":215,"column":59}},"85":{"start":{"line":217,"column":4},"end":{"line":217,"column":50}},"86":{"start":{"line":218,"column":4},"end":{"line":218,"column":67}},"87":{"start":{"line":222,"column":0},"end":{"line":222,"column":22}}},"fnMap":{"0":{"name":"(anonymous_0)","decl":{"start":{"line":8,"column":16},"end":{"line":8,"column":21}},"loc":{"start":{"line":8,"column":73},"end":{"line":63,"column":1}}},"1":{"name":"(anonymous_1)","decl":{"start":{"line":66,"column":33},"end":{"line":66,"column":38}},"loc":{"start":{"line":66,"column":90},"end":{"line":86,"column":1}}},"2":{"name":"(anonymous_2)","decl":{"start":{"line":89,"column":44},"end":{"line":89,"column":49}},"loc":{"start":{"line":89,"column":101},"end":{"line":107,"column":1}}},"3":{"name":"(anonymous_3)","decl":{"start":{"line":110,"column":28},"end":{"line":110,"column":33}},"loc":{"start":{"line":110,"column":81},"end":{"line":125,"column":1}}},"4":{"name":"(anonymous_4)","decl":{"start":{"line":128,"column":41},"end":{"line":128,"column":46}},"loc":{"start":{"line":128,"column":98},"end":{"line":156,"column":1}}},"5":{"name":"(anonymous_5)","decl":{"start":{"line":159,"column":43},"end":{"line":159,"column":48}},"loc":{"start":{"line":159,"column":100},"end":{"line":178,"column":1}}},"6":{"name":"(anonymous_6)","decl":{"start":{"line":181,"column":35},"end":{"line":181,"column":40}},"loc":{"start":{"line":181,"column":92},"end":{"line":202,"column":1}}},"7":{"name":"(anonymous_7)","decl":{"start":{"line":205,"column":38},"end":{"line":205,"column":43}},"loc":{"start":{"line":205,"column":95},"end":{"line":220,"column":1}}}},"branchMap":{"0":{"loc":{"start":{"line":10,"column":4},"end":{"line":58,"column":5}},"type":"if","locations":[{"start":{"line":10,"column":4},"end":{"line":58,"column":5}},{"start":{"line":42,"column":11},"end":{"line":58,"column":5}}]},"1":{"loc":{"start":{"line":10,"column":8},"end":{"line":10,"column":41}},"type":"binary-expr","locations":[{"start":{"line":10,"column":8},"end":{"line":10,"column":22}},{"start":{"line":10,"column":26},"end":{"line":10,"column":41}}]},"2":{"loc":{"start":{"line":11,"column":19},"end":{"line":11,"column":58}},"type":"binary-expr","locations":[{"start":{"line":11,"column":19},"end":{"line":11,"column":53}},{"start":{"line":11,"column":57},"end":{"line":11,"column":58}}]},"3":{"loc":{"start":{"line":12,"column":20},"end":{"line":12,"column":61}},"type":"binary-expr","locations":[{"start":{"line":12,"column":20},"end":{"line":12,"column":55}},{"start":{"line":12,"column":59},"end":{"line":12,"column":61}}]},"4":{"loc":{"start":{"line":69,"column":2},"end":{"line":72,"column":3}},"type":"if","locations":[{"start":{"line":69,"column":2},"end":{"line":72,"column":3}}]},"5":{"loc":{"start":{"line":69,"column":6},"end":{"line":69,"column":24}},"type":"binary-expr","locations":[{"start":{"line":69,"column":6},"end":{"line":69,"column":12}},{"start":{"line":69,"column":16},"end":{"line":69,"column":24}}]},"6":{"loc":{"start":{"line":79,"column":38},"end":{"line":79,"column":58}},"type":"binary-expr","locations":[{"start":{"line":79,"column":38},"end":{"line":79,"column":50}},{"start":{"line":79,"column":54},"end":{"line":79,"column":58}}]},"7":{"loc":{"start":{"line":79,"column":60},"end":{"line":79,"column":81}},"type":"binary-expr","locations":[{"start":{"line":79,"column":60},"end":{"line":79,"column":73}},{"start":{"line":79,"column":77},"end":{"line":79,"column":81}}]},"8":{"loc":{"start":{"line":91,"column":2},"end":{"line":94,"column":3}},"type":"if","locations":[{"start":{"line":91,"column":2},"end":{"line":94,"column":3}}]},"9":{"loc":{"start":{"line":146,"column":4},"end":{"line":149,"column":5}},"type":"if","locations":[{"start":{"line":146,"column":4},"end":{"line":149,"column":5}}]},"10":{"loc":{"start":{"line":162,"column":2},"end":{"line":165,"column":3}},"type":"if","locations":[{"start":{"line":162,"column":2},"end":{"line":165,"column":3}}]},"11":{"loc":{"start":{"line":183,"column":2},"end":{"line":186,"column":3}},"type":"if","locations":[{"start":{"line":183,"column":2},"end":{"line":186,"column":3}}]},"12":{"loc":{"start":{"line":183,"column":6},"end":{"line":183,"column":24}},"type":"binary-expr","locations":[{"start":{"line":183,"column":6},"end":{"line":183,"column":12}},{"start":{"line":183,"column":16},"end":{"line":183,"column":24}}]},"13":{"loc":{"start":{"line":193,"column":4},"end":{"line":196,"column":5}},"type":"if","locations":[{"start":{"line":193,"column":4},"end":{"line":196,"column":5}}]},"14":{"loc":{"start":{"line":211,"column":4},"end":{"line":214,"column":5}},"type":"if","locations":[{"start":{"line":211,"column":4},"end":{"line":214,"column":5}}]}},"s":{"0":7,"1":7,"2":7,"3":7,"4":7,"5":2,"6":2,"7":1,"8":1,"9":1,"10":1,"11":1,"12":1,"13":1,"14":1,"15":1,"16":1,"17":0,"18":0,"19":7,"20":3,"21":3,"22":2,"23":2,"24":1,"25":1,"26":1,"27":0,"28":0,"29":7,"30":2,"31":2,"32":1,"33":1,"34":1,"35":1,"36":1,"37":0,"38":0,"39":7,"40":0,"41":0,"42":0,"43":0,"44":0,"45":7,"46":1,"47":1,"48":1,"49":1,"50":0,"51":0,"52":1,"53":0,"54":0,"55":7,"56":2,"57":2,"58":1,"59":1,"60":1,"61":1,"62":1,"63":0,"64":0,"65":7,"66":0,"67":0,"68":0,"69":0,"70":0,"71":0,"72":0,"73":0,"74":0,"75":0,"76":0,"77":0,"78":7,"79":1,"80":1,"81":1,"82":1,"83":1,"84":0,"85":0,"86":0,"87":7},"f":{"0":2,"1":3,"2":2,"3":0,"4":1,"5":2,"6":0,"7":1},"b":{"0":[1,1],"1":[2,1],"2":[1,0],"3":[1,0],"4":[2],"5":[3,2],"6":[1,1],"7":[1,1],"8":[1],"9":[0],"10":[1],"11":[0],"12":[0,0],"13":[0],"14":[1]}}
,"C:\\Users\\Zabat\\Desktop\\Universidad\\Bimestre 7\\Taller de Desarrollo de Software\\ZabEsports\\backend\\src\\routes\\reports.ts": {"path":"C:\\Users\\Zabat\\Desktop\\Universidad\\Bimestre 7\\Taller de Desarrollo de Software\\ZabEsports\\backend\\src\\routes\\reports.ts","statementMap":{"0":{"start":{"line":1,"column":0},"end":{"line":1,"column":43}},"1":{"start":{"line":2,"column":0},"end":{"line":2,"column":35}},"2":{"start":{"line":3,"column":0},"end":{"line":3,"column":88}},"3":{"start":{"line":5,"column":15},"end":{"line":5,"column":23}},"4":{"start":{"line":8,"column":0},"end":{"line":29,"column":3}},"5":{"start":{"line":9,"column":2},"end":{"line":28,"column":3}},"6":{"start":{"line":10,"column":19},"end":{"line":23,"column":6}},"7":{"start":{"line":24,"column":4},"end":{"line":24,"column":26}},"8":{"start":{"line":26,"column":4},"end":{"line":26,"column":53}},"9":{"start":{"line":27,"column":4},"end":{"line":27,"column":66}},"10":{"start":{"line":32,"column":0},"end":{"line":57,"column":3}},"11":{"start":{"line":33,"column":86},"end":{"line":33,"column":94}},"12":{"start":{"line":35,"column":2},"end":{"line":38,"column":3}},"13":{"start":{"line":36,"column":4},"end":{"line":36,"column":84}},"14":{"start":{"line":37,"column":4},"end":{"line":37,"column":11}},"15":{"start":{"line":40,"column":2},"end":{"line":43,"column":3}},"16":{"start":{"line":41,"column":4},"end":{"line":41,"column":89}},"17":{"start":{"line":42,"column":4},"end":{"line":42,"column":11}},"18":{"start":{"line":45,"column":2},"end":{"line":56,"column":3}},"19":{"start":{"line":46,"column":19},"end":{"line":50,"column":null}},"20":{"start":{"line":52,"column":4},"end":{"line":52,"column":92}},"21":{"start":{"line":54,"column":4},"end":{"line":54,"column":50}},"22":{"start":{"line":55,"column":4},"end":{"line":55,"column":69}},"23":{"start":{"line":60,"column":0},"end":{"line":84,"column":3}},"24":{"start":{"line":61,"column":21},"end":{"line":61,"column":29}},"25":{"start":{"line":63,"column":2},"end":{"line":66,"column":3}},"26":{"start":{"line":64,"column":4},"end":{"line":64,"column":68}},"27":{"start":{"line":65,"column":4},"end":{"line":65,"column":11}},"28":{"start":{"line":68,"column":2},"end":{"line":83,"column":3}},"29":{"start":{"line":69,"column":19},"end":{"line":71,"column":null}},"30":{"start":{"line":74,"column":4},"end":{"line":77,"column":5}},"31":{"start":{"line":75,"column":6},"end":{"line":75,"column":64}},"32":{"start":{"line":76,"column":6},"end":{"line":76,"column":13}},"33":{"start":{"line":79,"column":4},"end":{"line":79,"column":85}},"34":{"start":{"line":81,"column":4},"end":{"line":81,"column":55}},"35":{"start":{"line":82,"column":4},"end":{"line":82,"column":71}},"36":{"start":{"line":86,"column":0},"end":{"line":86,"column":22}}},"fnMap":{"0":{"name":"(anonymous_0)","decl":{"start":{"line":8,"column":67},"end":{"line":8,"column":72}},"loc":{"start":{"line":8,"column":124},"end":{"line":29,"column":1}}},"1":{"name":"(anonymous_1)","decl":{"start":{"line":32,"column":33},"end":{"line":32,"column":38}},"loc":{"start":{"line":32,"column":90},"end":{"line":57,"column":1}}},"2":{"name":"(anonymous_2)","decl":{"start":{"line":60,"column":72},"end":{"line":60,"column":77}},"loc":{"start":{"line":60,"column":129},"end":{"line":84,"column":1}}}},"branchMap":{"0":{"loc":{"start":{"line":35,"column":2},"end":{"line":38,"column":3}},"type":"if","locations":[{"start":{"line":35,"column":2},"end":{"line":38,"column":3}}]},"1":{"loc":{"start":{"line":40,"column":2},"end":{"line":43,"column":3}},"type":"if","locations":[{"start":{"line":40,"column":2},"end":{"line":43,"column":3}}]},"2":{"loc":{"start":{"line":40,"column":6},"end":{"line":40,"column":76}},"type":"binary-expr","locations":[{"start":{"line":40,"column":6},"end":{"line":40,"column":23}},{"start":{"line":40,"column":27},"end":{"line":40,"column":49}},{"start":{"line":40,"column":53},"end":{"line":40,"column":76}}]},"3":{"loc":{"start":{"line":50,"column":21},"end":{"line":50,"column":45}},"type":"binary-expr","locations":[{"start":{"line":50,"column":21},"end":{"line":50,"column":37}},{"start":{"line":50,"column":41},"end":{"line":50,"column":45}}]},"4":{"loc":{"start":{"line":50,"column":47},"end":{"line":50,"column":76}},"type":"binary-expr","locations":[{"start":{"line":50,"column":47},"end":{"line":50,"column":68}},{"start":{"line":50,"column":72},"end":{"line":50,"column":76}}]},"5":{"loc":{"start":{"line":50,"column":78},"end":{"line":50,"column":108}},"type":"binary-expr","locations":[{"start":{"line":50,"column":78},"end":{"line":50,"column":100}},{"start":{"line":50,"column":104},"end":{"line":50,"column":108}}]},"6":{"loc":{"start":{"line":63,"column":2},"end":{"line":66,"column":3}},"type":"if","locations":[{"start":{"line":63,"column":2},"end":{"line":66,"column":3}}]},"7":{"loc":{"start":{"line":63,"column":6},"end":{"line":63,"column":72}},"type":"binary-expr","locations":[{"start":{"line":63,"column":6},"end":{"line":63,"column":13}},{"start":{"line":63,"column":17},"end":{"line":63,"column":72}}]},"8":{"loc":{"start":{"line":74,"column":4},"end":{"line":77,"column":5}},"type":"if","locations":[{"start":{"line":74,"column":4},"end":{"line":77,"column":5}}]}},"s":{"0":7,"1":7,"2":7,"3":7,"4":7,"5":2,"6":2,"7":2,"8":0,"9":0,"10":7,"11":3,"12":3,"13":1,"14":1,"15":2,"16":1,"17":1,"18":1,"19":1,"20":1,"21":0,"22":0,"23":7,"24":3,"25":3,"26":1,"27":1,"28":2,"29":2,"30":2,"31":1,"32":1,"33":1,"34":0,"35":0,"36":7},"f":{"0":2,"1":3,"2":3},"b":{"0":[1],"1":[1],"2":[2,1,1],"3":[1,0],"4":[1,1],"5":[1,1],"6":[1],"7":[3,3],"8":[1]}}
,"C:\\Users\\Zabat\\Desktop\\Universidad\\Bimestre 7\\Taller de Desarrollo de Software\\ZabEsports\\backend\\src\\routes\\teams.ts": {"path":"C:\\Users\\Zabat\\Desktop\\Universidad\\Bimestre 7\\Taller de Desarrollo de Software\\ZabEsports\\backend\\src\\routes\\teams.ts","statementMap":{"0":{"start":{"line":1,"column":0},"end":{"line":1,"column":52}},"1":{"start":{"line":2,"column":0},"end":{"line":2,"column":35}},"2":{"start":{"line":3,"column":0},"end":{"line":3,"column":75}},"3":{"start":{"line":5,"column":15},"end":{"line":5,"column":23}},"4":{"start":{"line":8,"column":0},"end":{"line":49,"column":3}},"5":{"start":{"line":9,"column":19},"end":{"line":9,"column":27}},"6":{"start":{"line":10,"column":2},"end":{"line":13,"column":3}},"7":{"start":{"line":11,"column":4},"end":{"line":11,"column":74}},"8":{"start":{"line":12,"column":4},"end":{"line":12,"column":11}},"9":{"start":{"line":15,"column":2},"end":{"line":48,"column":3}},"10":{"start":{"line":17,"column":4},"end":{"line":17,"column":25}},"11":{"start":{"line":20,"column":23},"end":{"line":24,"column":28}},"12":{"start":{"line":26,"column":20},"end":{"line":26,"column":38}},"13":{"start":{"line":29,"column":4},"end":{"line":32,"column":35}},"14":{"start":{"line":34,"column":4},"end":{"line":34,"column":26}},"15":{"start":{"line":36,"column":4},"end":{"line":39,"column":7}},"16":{"start":{"line":41,"column":4},"end":{"line":41,"column":28}},"17":{"start":{"line":42,"column":4},"end":{"line":42,"column":49}},"18":{"start":{"line":43,"column":4},"end":{"line":47,"column":5}},"19":{"start":{"line":44,"column":6},"end":{"line":44,"column":77}},"20":{"start":{"line":46,"column":6},"end":{"line":46,"column":75}},"21":{"start":{"line":52,"column":0},"end":{"line":74,"column":3}},"22":{"start":{"line":53,"column":2},"end":{"line":73,"column":3}},"23":{"start":{"line":54,"column":19},"end":{"line":67,"column":22}},"24":{"start":{"line":69,"column":4},"end":{"line":69,"column":26}},"25":{"start":{"line":71,"column":4},"end":{"line":71,"column":56}},"26":{"start":{"line":72,"column":4},"end":{"line":72,"column":77}},"27":{"start":{"line":77,"column":0},"end":{"line":105,"column":3}},"28":{"start":{"line":78,"column":2},"end":{"line":104,"column":3}},"29":{"start":{"line":79,"column":19},"end":{"line":79,"column":29}},"30":{"start":{"line":80,"column":23},"end":{"line":80,"column":77}},"31":{"start":{"line":82,"column":4},"end":{"line":85,"column":5}},"32":{"start":{"line":83,"column":6},"end":{"line":83,"column":63}},"33":{"start":{"line":84,"column":6},"end":{"line":84,"column":13}},"34":{"start":{"line":87,"column":17},"end":{"line":87,"column":35}},"35":{"start":{"line":89,"column":26},"end":{"line":95,"column":12}},"36":{"start":{"line":97,"column":4},"end":{"line":100,"column":7}},"37":{"start":{"line":102,"column":4},"end":{"line":102,"column":64}},"38":{"start":{"line":103,"column":4},"end":{"line":103,"column":74}},"39":{"start":{"line":107,"column":0},"end":{"line":107,"column":22}}},"fnMap":{"0":{"name":"(anonymous_0)","decl":{"start":{"line":8,"column":33},"end":{"line":8,"column":38}},"loc":{"start":{"line":8,"column":90},"end":{"line":49,"column":1}}},"1":{"name":"(anonymous_1)","decl":{"start":{"line":52,"column":36},"end":{"line":52,"column":41}},"loc":{"start":{"line":52,"column":93},"end":{"line":74,"column":1}}},"2":{"name":"(anonymous_2)","decl":{"start":{"line":77,"column":19},"end":{"line":77,"column":24}},"loc":{"start":{"line":77,"column":72},"end":{"line":105,"column":1}}}},"
[...]
start":{"line":280,"column":25},"end":{"line":280,"column":30}},"loc":{"start":{"line":280,"column":78},"end":{"line":316,"column":1}}}},"branchMap":{"0":{"loc":{"start":{"line":10,"column":4},"end":{"line":60,"column":5}},"type":"if","locations":[{"start":{"line":10,"column":4},"end":{"line":60,"column":5}},{"start":{"line":44,"column":11},"end":{"line":60,"column":5}}]},"1":{"loc":{"start":{"line":10,"column":8},"end":{"line":10,"column":41}},"type":"binary-expr","locations":[{"start":{"line":10,"column":8},"end":{"line":10,"column":22}},{"start":{"line":10,"column":26},"end":{"line":10,"column":41}}]},"2":{"loc":{"start":{"line":11,"column":19},"end":{"line":11,"column":58}},"type":"binary-expr","locations":[{"start":{"line":11,"column":19},"end":{"line":11,"column":53}},{"start":{"line":11,"column":57},"end":{"line":11,"column":58}}]},"3":{"loc":{"start":{"line":12,"column":20},"end":{"line":12,"column":61}},"type":"binary-expr","locations":[{"start":{"line":12,"column":20},"end":{"line":12,"column":55}},{"start":{"line":12,"column":59},"end":{"line":12,"column":61}}]},"4":{"loc":{"start":{"line":83,"column":4},"end":{"line":86,"column":5}},"type":"if","locations":[{"start":{"line":83,"column":4},"end":{"line":86,"column":5}}]},"5":{"loc":{"start":{"line":98,"column":2},"end":{"line":101,"column":3}},"type":"if","locations":[{"start":{"line":98,"column":2},"end":{"line":101,"column":3}}]},"6":{"loc":{"start":{"line":98,"column":6},"end":{"line":98,"column":26}},"type":"binary-expr","locations":[{"start":{"line":98,"column":6},"end":{"line":98,"column":11}},{"start":{"line":98,"column":15},"end":{"line":98,"column":26}}]},"7":{"loc":{"start":{"line":108,"column":45},"end":{"line":108,"column":60}},"type":"binary-expr","locations":[{"start":{"line":108,"column":45},"end":{"line":108,"column":54}},{"start":{"line":108,"column":58},"end":{"line":108,"column":60}}]},"8":{"loc":{"start":{"line":108,"column":62},"end":{"line":108,"column":82}},"type":"binary-expr","locations":[{"start":{"line":108,"column":62},"end":{"line":108,"column":74}},{"start":{"line":108,"column":78},"end":{"line":108,"column":82}}]},"9":{"loc":{"start":{"line":108,"column":98},"end":{"line":108,"column":116}},"type":"binary-expr","locations":[{"start":{"line":108,"column":98},"end":{"line":108,"column":108}},{"start":{"line":108,"column":112},"end":{"line":108,"column":116}}]},"10":{"loc":{"start":{"line":133,"column":6},"end":{"line":136,"column":7}},"type":"if","locations":[{"start":{"line":133,"column":6},"end":{"line":136,"column":7}}]},"11":{"loc":{"start":{"line":150,"column":2},"end":{"line":153,"column":3}},"type":"if","locations":[{"start":{"line":150,"column":2},"end":{"line":153,"column":3}}]},"12":{"loc":{"start":{"line":162,"column":4},"end":{"line":165,"column":5}},"type":"if","locations":[{"start":{"line":162,"column":4},"end":{"line":165,"column":5}}]},"13":{"loc":{"start":{"line":168,"column":4},"end":{"line":171,"column":5}},"type":"if","locations":[{"start":{"line":168,"column":4},"end":{"line":171,"column":5}}]},"14":{"loc":{"start":{"line":172,"column":4},"end":{"line":175,"column":5}},"type":"if","locations":[{"start":{"line":172,"column":4},"end":{"line":175,"column":5}}]},"15":{"loc":{"start":{"line":183,"column":4},"end":{"line":186,"column":5}},"type":"if","locations":[{"start":{"line":183,"column":4},"end":{"line":186,"column":5}}]},"16":{"loc":{"start":{"line":197,"column":4},"end":{"line":202,"column":5}},"type":"if","locations":[{"start":{"line":197,"column":4},"end":{"line":202,"column":5}},{"start":{"line":199,"column":11},"end":{"line":202,"column":5}}]},"17":{"loc":{"start":{"line":212,"column":4},"end":{"line":215,"column":5}},"type":"if","locations":[{"start":{"line":212,"column":4},"end":{"line":215,"column":5}}]},"18":{"loc":{"start":{"line":216,"column":4},"end":{"line":219,"column":5}},"type":"if","locations":[{"start":{"line":216,"column":4},"end":{"line":219,"column":5}}]},"19":{"loc":{"start":{"line":216,"column":8},"end":{"line":216,"column":81}},"type":"binary-expr","locations":[{"start":{"line":216,"column":8},"end":{"line":216,"column":51}},{"start":{"line":216,"column":55},"end":{"line":216,"column":81}}]},"20":{"loc":{"start":{"line":231,"column":26},"end":{"line":231,"column":64}},"type":"cond-expr","locations":[{"start":{"line":231,"column":38},"end":{"line":231,"column":57}},{"start":{"line":231,"column":60},"end":{"line":231,"column":64}}]},"21":{"loc":{"start":{"line":231,"column":78},"end":{"line":231,"column":118}},"type":"cond-expr","locations":[{"start":{"line":231,"column":91},"end":{"line":231,"column":111}},{"start":{"line":231,"column":114},"end":{"line":231,"column":118}}]},"22":{"loc":{"start":{"line":245,"column":4},"end":{"line":248,"column":5}},"type":"if","locations":[{"start":{"line":245,"column":4},"end":{"line":248,"column":5}}]},"23":{"loc":{"start":{"line":249,"column":4},"end":{"line":252,"column":5}},"type":"if","locations":[{"start":{"line":249,"column":4},"end":{"line":252,"column":5}}]},"24":{"loc":{"start":{"line":249,"column":8},"end":{"line":249,"column":81}},"type":"binary-expr","locations":[{"start":{"line":249,"column":8},"end":{"line":249,"column":51}},{"start":{"line":249,"column":55},"end":{"line":249,"column":81}}]},"25":{"loc":{"start":{"line":267,"column":4},"end":{"line":270,"column":5}},"type":"if","locations":[{"start":{"line":267,"column":4},"end":{"line":270,"column":5}}]}},"s":{"0":7,"1":7,"2":7,"3":7,"4":7,"5":1,"6":1,"7":0,"8":0,"9":0,"10":0,"11":0,"12":0,"13":0,"14":0,"15":1,"16":1,"17":0,"18":0,"19":7,"20":0,"21":0,"22":0,"23":0,"24":0,"25":0,"26":0,"27":0,"28":7,"29":1,"30":1,"31":0,"32":0,"33":1,"34":1,"35":1,"36":0,"37":0,"38":7,"39":1,"40":1,"41":1,"42":0,"43":0,"44":1,"45":0,"46":0,"47":7,"48":0,"49":0,"50":0,"51":0,"52":0,"53":0,"54":0,"55":0,"56":0,"57":0,"58":0,"59":0,"60":0,"61":0,"62":0,"63":0,"64":0,"65":0,"66":0,"67":0,"68":0,"69":0,"70":0,"71":0,"72":0,"73":0,"74":0,"75":7,"76":0,"77":0,"78":0,"79":0,"80":0,"81":0,"82":0,"83":0,"84":0,"85":0,"86":0,"87":0,"88":0,"89":0,"90":7,"91":0,"92":0,"93":0,"94":0,"95":0,"96":0,"97":0,"98":0,"99":0,"100":0,"101":0,"102":0,"103":0,"104":7,"105":0,"106":0,"107":0,"108":0,"109":0,"110":0,"111":0,"112":0,"113":0,"114":0,"115":7,"116":0,"117":0,"118":0,"119":0,"120":0,"121":0,"122":0,"123":0,"124":0,"125":7},"f":{"0":1,"1":0,"2":1,"3":1,"4":0,"5":0,"6":0,"7":0,"8":0},"b":{"0":[0,1],"1":[1,1],"2":[0,0],"3":[0,0],"4":[0],"5":[0],"6":[1,1],"7":[1,0],"8":[1,1],"9":[1,0],"10":[0],"11":[0],"12":[0],"13":[0],"14":[0],"15":[0],"16":[0,0],"17":[0],"18":[0],"19":[0,0],"20":[0,0],"21":[0,0],"22":[0],"23":[0],"24":[0,0],"25":[0]}}
,"C:\\Users\\Zabat\\Desktop\\Universidad\\Bimestre 7\\Taller de Desarrollo de Software\\ZabEsports\\backend\\src\\routes\\users.ts": {"path":"C:\\Users\\Zabat\\Desktop\\Universidad\\Bimestre 7\\Taller de Desarrollo de Software\\ZabEsports\\backend\\src\\routes\\users.ts","statementMap":{"0":{"start":{"line":1,"column":0},"end":{"line":1,"column":43}},"1":{"start":{"line":2,"column":0},"end":{"line":2,"column":30}},"2":{"start":{"line":3,"column":0},"end":{"line":3,"column":35}},"3":{"start":{"line":4,"column":0},"end":{"line":4,"column":88}},"4":{"start":{"line":6,"column":15},"end":{"line":6,"column":23}},"5":{"start":{"line":9,"column":0},"end":{"line":19,"column":3}},"6":{"start":{"line":10,"column":2},"end":{"line":18,"column":3}},"7":{"start":{"line":11,"column":19},"end":{"line":12,"column":null}},"8":{"start":{"line":14,"column":4},"end":{"line":14,"column":26}},"9":{"start":{"line":16,"column":4},"end":{"line":16,"column":53}},"10":{"start":{"line":17,"column":4},"end":{"line":17,"column":66}},"11":{"start":{"line":22,"column":0},"end":{"line":43,"column":3}},"12":{"start":{"line":23,"column":46},"end":{"line":23,"column":54}},"13":{"start":{"line":24,"column":2},"end":{"line":27,"column":3}},"14":{"start":{"line":25,"column":4},"end":{"line":25,"column":82}},"15":{"start":{"line":26,"column":4},"end":{"line":26,"column":11}},"16":{"start":{"line":28,"column":2},"end":{"line":42,"column":3}},"17":{"start":{"line":29,"column":26},"end":{"line":29,"column":57}},"18":{"start":{"line":30,"column":19},"end":{"line":32,"column":null}},"19":{"start":{"line":34,"column":4},"end":{"line":34,"column":41}},"20":{"start":{"line":36,"column":4},"end":{"line":41,"column":5}},"21":{"start":{"line":37,"column":6},"end":{"line":37,"column":72}},"22":{"start":{"line":39,"column":6},"end":{"line":39,"column":52}},"23":{"start":{"line":40,"column":6},"end":{"line":40,"column":65}},"24":{"start":{"line":46,"column":0},"end":{"line":99,"column":3}},"25":{"start":{"line":47,"column":17},"end":{"line":47,"column":27}},"26":{"start":{"line":48,"column":46},"end":{"line":48,"column":54}},"27":{"start":{"line":50,"column":2},"end":{"line":53,"column":3}},"28":{"start":{"line":51,"column":4},"end":{"line":51,"column":88}},"29":{"start":{"line":52,"column":4},"end":{"line":52,"column":11}},"30":{"start":{"line":55,"column":2},"end":{"line":98,"column":3}},"31":{"start":{"line":56,"column":23},"end":{"line":56,"column":25}},"32":{"start":{"line":57,"column":17},"end":{"line":57,"column":19}},"33":{"start":{"line":58,"column":16},"end":{"line":58,"column":17}},"34":{"start":{"line":60,"column":4},"end":{"line":63,"column":5}},"35":{"start":{"line":61,"column":6},"end":{"line":61,"column":50}},"36":{"start":{"line":62,"column":6},"end":{"line":62,"column":28}},"37":{"start":{"line":64,"column":4},"end":{"line":67,"column":5}},"38":{"start":{"line":65,"column":6},"end":{"line":65,"column":47}},"39":{"start":{"line":66,"column":6},"end":{"line":66,"column":25}},"40":{"start":{"line":68,"column":4},"end":{"line":71,"column":5}},"41":{"start":{"line":69,"column":6},"end":{"line":69,"column":46}},"42":{"start":{"line":70,"column":6},"end":{"line":70,"column":24}},"43":{"start":{"line":72,"column":4},"end":{"line":76,"column":5}},"44":{"start":{"line":73,"column":28},"end":{"line":73,"column":59}},"45":{"start":{"line":74,"column":6},"end":{"line":74,"column":55}},"46":{"start":{"line":75,"column":6},"end":{"line":75,"column":33}},"47":{"start":{"line":78,"column":4},"end":{"line":81,"column":5}},"48":{"start":{"line":79,"column":6},"end":{"line":79,"column":72}},"49":{"start":{"line":80,"column":6},"end":{"line":80,"column":13}},"50":{"start":{"line":83,"column":4},"end":{"line":83,"column":20}},"51":{"start":{"line":84,"column":19},"end":{"line":86,"column":null}},"52":{"start":{"line":89,"column":4},"end":{"line":92,"column":5}},"53":{"start":{"line":90,"column":6},"end":{"line":90,"column":64}},"54":{"start":{"line":91,"column":6},"end":{"line":91,"column":13}},"55":{"start":{"line":94,"column":4},"end":{"line":94,"column":29}},"56":{"start":{"line":96,"column":4},"end":{"line":96,"column":55}},"57":{"start":{"line":97,"column":4},"end":{"line":97,"column":68}},"58":{"start":{"line":102,"column":0},"end":{"line":115,"column":3}},"59":{"start":{"line":103,"column":17},"end":{"line":103,"column":27}},"60":{"start":{"line":104,"column":2},"end":{"line":114,"column":3}},"61":{"start":{"line":105,"column":19},"end":{"line":105,"column":94}},"62":{"start":{"line":106,"column":4},"end":{"line":109,"column":5}},"63":{"start":{"line":107,"column":6},"end":{"line":107,"column":64}},"64":{"start":{"line":108,"column":6},"end":{"line":108,"column":13}},"65":{"start":{"line":110,"column":4},"end":{"line":110,"column":70}},"66":{"start":{"line":112,"column":4},"end":{"line":112,"column":53}},"67":{"start":{"line":113,"column":4},"end":{"line":113,"column":66}},"68":{"start":{"line":117,"column":0},"end":{"line":117,"column":22}}},"fnMap":{"0":{"name":"(anonymous_1)","decl":{"start":{"line":9,"column":54},"end":{"line":9,"column":59}},"loc":{"start":{"line":9,"column":111},"end":{"line":19,"column":1}}},"1":{"name":"(anonymous_2)","decl":{"start":{"line":22,"column":55},"end":{"line":22,"column":60}},"loc":{"start":{"line":22,"column":112},"end":{"line":43,"column":1}}},"2":{"name":"(anonymous_3)","decl":{"start":{"line":46,"column":35},"end":{"line":46,"column":40}},"loc":{"start":{"line":46,"column":92},"end":{"line":99,"column":1}}},"3":{"name":"(anonymous_4)","decl":{"start":{"line":102,"column":60},"end":{"line":102,"column":65}},"loc":{"start":{"line":102,"column":117},"end":{"line":115,"column":1}}}},"branchMap":{"0":{"loc":{"start":{"line":24,"column":2},"end":{"line":27,"column":3}},"type":"if","locations":[{"start":{"line":24,"column":2},"end":{"line":27,"column":3}}]},"1":{"loc":{"start":{"line":24,"column":6},"end":{"line":24,"column":38}},"type":"binary-expr","locations":[{"start":{"line":24,"column":6},"end":{"line":24,"column":15}},{"start":{"line":24,"column":19},"end":{"line":24,"column":25}},{"start":{"line":24,"column":29},"end":{"line":24,"column":38}}]},"2":{"loc":{"start":{"line":32,"column":39},"end":{"line":32,"column":56}},"type":"binary-expr","locations":[{"start":{"line":32,"column":39},"end":{"line":32,"column":43}},{"start":{"line":32,"column":47},"end":{"line":32,"column":56}}]},"3":{"loc":{"start":{"line":36,"column":4},"end":{"line":41,"column":5}},"type":"if","locations":[{"start":{"line":36,"column":4},"end":{"line":41,"column":5}},{"start":{"line":38,"column":11},"end":{"line":41,"column":5}}]},"4":{"loc":{"start":{"line":50,"column":2},"end":{"line":53,"column":3}},"type":"if","locations":[{"start":{"line":50,"column":2},"end":{"line":53,"column":3}}]},"5":{"loc":{"start":{"line":50,"column":6},"end":{"line":50,"column":55}},"type":"binary-expr","locations":[{"start":{"line":50,"column":6},"end":{"line":50,"column":32}},{"start":{"line":50,"column":36},"end":{"line":50,"column":55}}]},"6":{"loc":{"start":{"line":60,"column":4},"end":{"line":63,"column":5}},"type":"if","locations":[{"start":{"line":60,"column":4},"end":{"line":63,"column":5}}]},"7":{"loc":{"start":{"line":64,"column":4},"end":{"line":67,"column":5}},"type":"if","locations":[{"start":{"line":64,"column":4},"end":{"line":67,"column":5}}]},"8":{"loc":{"start":{"line":68,"column":4},"end":{"line":71,"column":5}},"type":"if","locations":[{"start":{"line":68,"column":4},"end":{"line":71,"column":5}}]},"9":{"loc":{"start":{"line":68,"column":8},"end":{"line":68,"column":42}},"type":"binary-expr","locations":[{"start":{"line":68,"column":8},"end":{"line":68,"column":12}},{"start":{"line":68,"column":16},"end":{"line":68,"column":42}}]},"10":{"loc":{"start":{"line":72,"column":4},"end":{"line":76,"column":5}},"type":"if","locations":[{"start":{"line":72,"column":4},"end":{"line":76,"column":5}}]},"11":{"loc":{"start":{"line":78,"column":4},"end":{"line":81,"column":5}},"type":"if","locations":[{"start":{"line":78,"column":4},"end":{"line":81,"column":5}}]},"12":{"loc":{"start":{"line":89,"column":4},"end":{"line":92,"column":5}},"type":"if","locations":[{"start":{"line":89,"column":4},"end":{"line":92,"column":5}}]},"13":{"loc":{"start":{"line":106,"column":4},"end":{"line":109,"column":5}},"type":"if","locations":[{"start":{"line":106,"column":4},"end":{"line":109,"column":5}}]}},"s":{"0":7,"1":7,"2":7,"3":7,"4":7,"5":7,"6":0,"7":0,"8":0,"9":0,"10":0,"11":7,"12":0,"13":0,"14":0,"15":0,"16":0,"17":0,"18":0,"19":0,"20":0,"21":0,"22":0,"23":0,"24":7,"25":0,"26":0,"27":0,"28":0,"29":0,"30":0,"31":0,"32":0,"33":0,"34":0,"35":0,"36":0,"37":0,"38":0,"39":0,"40":0,"41":0,"42":0,"43":0,"44":0,"45":0,"46":0,"47":0,"48":0,"49":0,"50":0,"51":0,"52":0,"53":0,"54":0,"55":0,"56":0,"57":0,"58":7,"59":0,"60":0,"61":0,"62":0,"63":0,"64":0,"65":0,"66":0,"67":0,"68":7},"f":{"0":0,"1":0,"2":0,"3":0},"b":{"0":[0],"1":[0,0,0],"2":[0,0],"3":[0,0],"4":[0],"5":[0,0],"6":[0],"7":[0],"8":[0],"9":[0,0],"10":[0],"11":[0],"12":[0],"13":[0]}}
,"C:\\Users\\Zabat\\Desktop\\Universidad\\Bimestre 7\\Taller de Desarrollo de Software\\ZabEsports\\backend\\src\\services\\cognitoService.ts": {"path":"C:\\Users\\Zabat\\Desktop\\Universidad\\Bimestre 7\\Taller de Desarrollo de Software\\ZabEsports\\backend\\src\\services\\cognitoService.ts","statementMap":{"0":{"start":{"line":1,"column":0},"end":{"line":1,"column":null}},"1":{"start":{"line":8,"column":15},"end":{"line":10,"column":2}},"2":{"start":{"line":12,"column":18},"end":{"line":12,"column":47}},"3":{"start":{"line":13,"column":21},"end":{"line":13,"column":53}},"4":{"start":{"line":18,"column":35},"end":{"line":20,"column":1}},"5":{"start":{"line":19,"column":2},"end":{"line":19,"column":39}},"6":{"start":{"line":18,"column":13},"end":{"line":18,"column":35}},"7":{"start":{"line":25,"column":37},"end":{"line":46,"column":1}},"8":{"start":{"line":26,"column":2},"end":{"line":28,"column":3}},"9":{"start":{"line":27,"column":4},"end":{"line":27,"column":56}},"10":{"start":{"line":30,"column":18},"end":{"line":38,"column":4}},"11":{"start":{"line":40,"column":19},"end":{"line":40,"column":45}},"12":{"start":{"line":42,"column":2},"end":{"line":44,"column":3}},"13":{"start":{"line":43,"column":4},"end":{"line":43,"column":97}},"14":{"start":{"line":45,"column":2},"end":{"line":45,"column":26}},"15":{"start":{"line":25,"column":13},"end":{"line":25,"column":37}},"16":{"start":{"line":51,"column":34},"end":{"line":77,"column":1}},"17":{"start":{"line":52,"column":2},"end":{"line":54,"column":3}},"18":{"start":{"line":53,"column":4},"end":{"line":53,"column":56}},"19":{"start":{"line":56,"column":18},"end":{"line":63,"column":4}},"20":{"start":{"line":65,"column":19},"end":{"line":65,"column":45}},"21":{"start":{"line":66,"column":21},"end":{"line":66,"column":50}},"22":{"start":{"line":68,"column":2},"end":{"line":70,"column":3}},"23":{"start":{"line":69,"column":4},"end":{"line":69,"column":82}},"24":{"start":{"line":73,"column":2},"end":{"line":76,"column":4}},"25":{"start":{"line":51,"column":13},"end":{"line":51,"column":34}}},"fnMap":{"0":{"name":"(anonymous_0)","decl":{"start":{"line":18,"column":35},"end":{"line":18,"column":47}},"loc":{"start":{"line":18,"column":49},"end":{"line":20,"column":1}}},"1":{"name":"(anonymous_1)","decl":{"start":{"line":25,"column":37},"end":{"line":25,"column":42}},"loc":{"start":{"line":25,"column":114},"end":{"line":46,"column":1}}},"2":{"name":"(anonymous_2)","decl":{"start":{"line":51,"column":34},"end":{"line":51,"column":39}},"loc":{"start":{"line":51,"column":121},"end":{"line":77,"column":1}}}},"branchMap":{"0":{"loc":{"start":{"line":9,"column":10},"end":{"line":9,"column":51}},"type":"binary-expr","locations":[{"start":{"line":9,"column":10},"end":{"line":9,"column":36}},{"start":{"line":9,"column":40},"end":{"line":9,"column":51}}]},"1":{"loc":{"start":{"line":19,"column":12},"end":{"line":19,"column":37}},"type":"binary-expr","locations":[{"start":{"line":19,"column":12},"end":{"line":19,"column":21}},{"start":{"line":19,"column":25},"end":{"line":19,"column":37}}]},"2":{"loc":{"start":{"line":26,"column":2},"end":{"line":28,"column":3}},"type":"if","locations":[{"start":{"line":26,"column":2},"end":{"line":28,"column":3}}]},"3":{"loc":{"start":{"line":42,"column":2},"end":{"line":44,"column":3}},"type":"if","locations":[{"start":{"line":42,"column":2},"end":{"line":44,"column":3}}]},"4":{"loc":{"start":{"line":52,"column":2},"end":{"line":54,"column":3}},"type":"if","locations":[{"start":{"line":52,"column":2},"end":{"line":54,"column":3}}]},"5":{"loc":{"start":{"line":68,"column":2},"end":{"line":70,"column":3}},"type":"if","locations":[{"start":{"line":68,"column":2},"end":{"line":70,"column":3}}]},"6":{"loc":{"start":{"line":68,"column":6},"end":{"line":68,"column":67}},"type":"binary-expr","locations":[{"start":{"line":68,"column":6},"end":{"line":68,"column":17}},{"start":{"line":68,"column":21},"end":{"line":68,"column":44}},{"start":{"line":68,"column":48},"end":{"line":68,"column":67}}]}},"s":{"0":7,"1":7,"2":7,"3":7,"4":7,"5":4,"6":7,"7":7,"8":0,"9":0,"10":0,"11":0,"12":0,"13":0,"14":0,"15":7,"16":7,"17":0,"18":0,"19":0,"20":0,"21":0,"22":0,"23":0,"24":0,"25":7},"f":{"0":4,"1":0,"2":0},"b":{"0":[7,7],"1":[4,0],"2":[0],"3":[0],"4":[0],"5":[0],"6":[0,0,0]}}
}
