TN:
SF:src\index.ts
FN:42,(anonymous_1)
FN:78,(anonymous_2)
FNF:2
FNH:2
FNDA:1,(anonymous_1)
FNDA:7,(anonymous_2)
DA:1,7
DA:2,7
DA:3,7
DA:4,7
DA:7,7
DA:8,7
DA:9,7
DA:10,7
DA:11,7
DA:12,7
DA:13,7
DA:14,7
DA:16,7
DA:20,7
DA:21,7
DA:26,7
DA:27,7
DA:32,7
DA:33,7
DA:34,7
DA:35,7
DA:36,7
DA:37,7
DA:38,7
DA:39,7
DA:42,7
DA:43,1
DA:44,1
DA:45,1
DA:46,1
DA:48,0
DA:51,1
DA:78,7
DA:79,7
DA:80,7
DA:83,7
DA:84,7
LF:37
LH:36
BRDA:21,0,0,7
BRDA:21,0,1,0
BRDA:52,1,0,1
BRDA:52,1,1,0
BRF:4
BRH:2
end_of_record
TN:
SF:src\middleware\authMiddleware.ts
FN:27,(anonymous_1)
FN:28,(anonymous_2)
FN:35,(anonymous_3)
FN:37,(anonymous_4)
FN:38,(anonymous_5)
FN:52,(anonymous_6)
FN:59,(anonymous_7)
FN:61,(anonymous_8)
FN:75,(anonymous_9)
FN:96,(anonymous_10)
FN:138,(anonymous_11)
FN:139,(anonymous_12)
FNF:12
FNH:3
FNDA:0,(anonymous_1)
FNDA:0,(anonymous_2)
FNDA:0,(anonymous_3)
FNDA:0,(anonymous_4)
FNDA:0,(anonymous_5)
FNDA:0,(anonymous_6)
FNDA:0,(anonymous_7)
FNDA:0,(anonymous_8)
FNDA:37,(anonymous_9)
FNDA:0,(anonymous_10)
FNDA:56,(anonymous_11)
FNDA:12,(anonymous_12)
DA:2,7
DA:3,7
DA:4,7
DA:5,7
DA:16,7
DA:17,7
DA:20,7
DA:21,7
DA:22,7
DA:27,7
DA:28,0
DA:29,0
DA:30,0
DA:31,0
DA:34,0
DA:35,0
DA:36,0
DA:37,0
DA:38,0
DA:39,0
DA:40,0
DA:41,0
DA:42,0
DA:43,0
DA:44,0
DA:46,0
DA:49,0
DA:52,0
DA:59,7
DA:60,0
DA:61,0
DA:62,0
DA:63,0
DA:67,0
DA:72,0
DA:75,7
DA:76,37
DA:77,37
DA:79,37
DA:80,8
DA:81,8
DA:85,29
DA:86,0
DA:87,0
DA:88,0
DA:89,0
DA:90,0
DA:93,0
DA:94,0
DA:96,0
DA:97,0
DA:98,0
DA:99,0
DA:102,0
DA:103,0
DA:104,0
DA:109,0
DA:110,0
DA:111,0
DA:114,0
DA:115,0
DA:117,0
DA:118,0
DA:122,0
DA:123,0
DA:127,29
DA:128,29
DA:129,29
DA:130,29
DA:131,29
DA:133,0
DA:138,7
DA:139,56
DA:140,12
DA:141,4
DA:142,4
DA:144,8
LF:77
LH:29
BRDA:17,0,0,7
BRDA:17,0,1,7
BRDA:29,1,0,0
BRDA:29,2,0,0
BRDA:29,2,1,0
BRDA:41,3,0,0
BRDA:41,3,1,0
BRDA:62,4,0,0
BRDA:77,5,0,37
BRDA:77,5,1,29
BRDA:79,6,0,8
BRDA:85,7,0,0
BRDA:85,7,1,29
BRDA:85,8,0,29
BRDA:85,8,1,0
BRDA:88,9,0,0
BRDA:88,10,0,0
BRDA:88,10,1,0
BRDA:88,10,2,0
BRDA:97,11,0,0
BRDA:97,12,0,0
BRDA:97,12,1,0
BRDA:109,13,0,0
BRDA:128,14,0,29
BRDA:128,14,1,0
BRDA:140,15,0,4
BRDA:140,16,0,12
BRDA:140,16,1,12
BRF:28
BRH:11
end_of_record
TN:
SF:src\routes\auth.ts
FN:10,(anonymous_1)
FN:54,(anonymous_2)
FN:131,(anonymous_3)
FNF:3
FNH:2
FNDA:4,(anonymous_1)
FNDA:3,(anonymous_2)
FNDA:0,(anonymous_3)
DA:1,7
DA:2,7
DA:3,7
DA:4,7
DA:5,7
DA:7,7
DA:10,7
DA:11,4
DA:13,4
DA:14,1
DA:15,1
DA:18,3
DA:19,1
DA:20,1
DA:23,2
DA:24,2
DA:25,2
DA:27,2
DA:28,0
DA:31,2
DA:38,1
DA:43,1
DA:44,1
DA:45,1
DA:47,0
DA:48,0
DA:54,7
DA:55,3
DA:57,3
DA:58,1
DA:59,1
DA:62,2
DA:66,2
DA:68,0
DA:69,0
DA:71,0
DA:76,0
DA:77,0
DA:78,0
DA:80,0
DA:83,2
DA:88,2
DA:89,1
DA:90,1
DA:93,1
DA:94,1
DA:96,1
DA:97,0
DA:98,0
DA:101,1
DA:102,1
DA:109,1
DA:123,0
DA:124,0
DA:129,7
DA:131,7
DA:132,0
DA:133,0
DA:137,0
DA:138,0
DA:139,0
DA:142,0
DA:143,0
DA:155,0
DA:156,0
DA:160,7
LF:66
LH:43
BRDA:13,0,0,1
BRDA:13,1,0,4
BRDA:13,1,1,4
BRDA:13,1,2,3
BRDA:18,2,0,1
BRDA:27,3,0,0
BRDA:44,4,0,1
BRDA:44,4,1,0
BRDA:48,5,0,0
BRDA:48,5,1,0
BRDA:57,6,0,1
BRDA:57,7,0,3
BRDA:57,7,1,3
BRDA:66,8,0,0
BRDA:66,8,1,2
BRDA:76,9,0,0
BRDA:88,10,0,1
BRDA:96,11,0,0
BRDA:101,12,0,1
BRDA:101,12,1,0
BRDA:117,13,0,0
BRDA:117,13,1,1
BRDA:137,14,0,0
BRDA:149,15,0,0
BRDA:149,15,1,0
BRF:25
BRH:13
end_of_record
TN:
SF:src\routes\communities.ts
FN:8,(anonymous_0)
FN:73,(anonymous_1)
FN:99,(anonymous_2)
FN:134,(anonymous_3)
FN:160,(anonymous_4)
FN:182,(anonymous_5)
FN:209,(anonymous_6)
FN:231,(anonymous_7)
FN:251,(anonymous_8)
FNF:9
FNH:3
FNDA:2,(anonymous_0)
FNDA:0,(anonymous_1)
FNDA:2,(anonymous_2)
FNDA:2,(anonymous_3)
FNDA:0,(anonymous_4)
FNDA:0,(anonymous_5)
FNDA:0,(anonymous_6)
FNDA:0,(anonymous_7)
FNDA:0,(anonymous_8)
DA:1,7
DA:2,7
DA:3,7
DA:5,7
DA:8,7
DA:9,2
DA:10,2
DA:11,0
DA:12,0
DA:13,0
DA:15,0
DA:16,0
DA:17,0
DA:19,0
DA:37,0
DA:48,2
DA:64,2
DA:67,0
DA:68,0
DA:73,7
DA:74,0
DA:75,0
DA:87,0
DA:88,0
DA:89,0
DA:91,0
DA:93,0
DA:94,0
DA:99,7
DA:100,2
DA:102,2
DA:103,1
DA:104,1
DA:107,1
DA:108,1
DA:114,1
DA:119,0
DA:120,0
DA:121,0
DA:123,0
DA:124,0
DA:130,7
DA:135,2
DA:136,2
DA:142,2
DA:143,0
DA:144,0
DA:147,2
DA:149,0
DA:150,0
DA:156,7
DA:161,0
DA:162,0
DA:168,0
DA:169,0
DA:170,0
DA:173,0
DA:175,0
DA:176,0
DA:182,7
DA:183,0
DA:184,0
DA:185,0
DA:186,0
DA:187,0
DA:188,0
DA:189,0
DA:191,0
DA:192,0
DA:193,0
DA:196,0
DA:201,0
DA:203,0
DA:204,0
DA:209,7
DA:210,0
DA:211,0
DA:212,0
DA:213,0
DA:214,0
DA:215,0
DA:217,0
DA:218,0
DA:219,0
DA:222,0
DA:223,0
DA:225,0
DA:226,0
DA:231,7
DA:232,0
DA:233,0
DA:234,0
DA:235,0
DA:236,0
DA:237,0
DA:239,0
DA:243,0
DA:245,0
DA:246,0
DA:251,7
DA:252,0
DA:253,0
DA:254,0
DA:258,0
DA:260,0
DA:261,0
DA:265,7
LF:107
LH:29
BRDA:10,0,0,0
BRDA:10,0,1,2
BRDA:10,1,0,2
BRDA:10,1,1,2
BRDA:11,2,0,0
BRDA:11,2,1,0
BRDA:12,3,0,0
BRDA:12,3,1,0
BRDA:87,4,0,0
BRDA:102,5,0,1
BRDA:120,6,0,0
BRDA:120,6,1,0
BRDA:142,7,0,0
BRDA:168,8,0,0
BRDA:187,9,0,0
BRDA:191,10,0,0
BRDA:191,11,0,0
BRDA:191,11,1,0
BRDA:213,12,0,0
BRDA:217,13,0,0
BRDA:217,14,0,0
BRDA:217,14,1,0
BRDA:235,15,0,0
BRF:23
BRH:4
end_of_record
TN:
SF:src\routes\players.ts
FN:18,makeRiotRequest
FN:19,(anonymous_2)
FN:22,(anonymous_3)
FN:24,(anonymous_4)
FN:25,(anonymous_5)
FN:42,(anonymous_6)
FN:69,(anonymous_7)
FN:98,(anonymous_8)
FN:113,(anonymous_9)
FN:158,(anonymous_10)
FN:178,(anonymous_11)
FN:189,(anonymous_12)
FN:226,(anonymous_13)
FN:252,(anonymous_14)
FN:278,(anonymous_15)
FNF:15
FNH:11
FNDA:4,makeRiotRequest
FNDA:4,(anonymous_2)
FNDA:4,(anonymous_3)
FNDA:4,(anonymous_4)
FNDA:4,(anonymous_5)
FNDA:1,(anonymous_6)
FNDA:1,(anonymous_7)
FNDA:1,(anonymous_8)
FNDA:3,(anonymous_9)
FNDA:1,(anonymous_10)
FNDA:0,(anonymous_11)
FNDA:1,(anonymous_12)
FNDA:0,(anonymous_13)
FNDA:0,(anonymous_14)
FNDA:0,(anonymous_15)
DA:1,7
DA:2,7
DA:3,7
DA:5,7
DA:7,7
DA:10,7
DA:19,4
DA:20,4
DA:23,4
DA:24,4
DA:25,4
DA:26,4
DA:27,4
DA:28,4
DA:29,0
DA:31,4
DA:34,0
DA:42,7
DA:43,1
DA:44,1
DA:46,1
DA:62,1
DA:66,1
DA:67,1
DA:69,1
DA:71,1
DA:72,1
DA:75,1
DA:76,1
DA:77,1
DA:78,1
DA:79,1
DA:82,1
DA:98,1
DA:99,1
DA:100,1
DA:101,1
DA:104,1
DA:106,0
DA:107,0
DA:113,7
DA:114,3
DA:116,3
DA:117,1
DA:118,1
DA:121,2
DA:123,2
DA:124,2
DA:126,2
DA:127,0
DA:128,0
DA:132,2
DA:133,2
DA:134,1
DA:135,1
DA:139,1
DA:140,1
DA:142,1
DA:151,0
DA:152,0
DA:158,7
DA:159,1
DA:161,1
DA:162,0
DA:163,0
DA:166,1
DA:168,1
DA:169,1
DA:174,1
DA:176,1
DA:177,0
DA:178,0
DA:180,0
DA:184,1
DA:185,1
DA:188,1
DA:189,1
DA:190,1
DA:191,1
DA:192,0
DA:194,0
DA:198,1
DA:210,1
DA:217,0
DA:218,0
DA:223,7
DA:226,7
DA:227,0
DA:229,0
DA:230,0
DA:231,0
DA:234,0
DA:235,0
DA:241,0
DA:246,0
DA:247,0
DA:252,7
DA:253,0
DA:254,0
DA:270,0
DA:272,0
DA:273,0
DA:278,7
DA:279,0
DA:281,0
DA:282,0
DA:283,0
DA:286,0
DA:287,0
DA:289,0
DA:296,0
DA:297,0
DA:298,0
DA:299,0
DA:303,0
DA:304,0
DA:305,0
DA:312,0
DA:314,0
DA:319,0
DA:320,0
DA:321,0
DA:325,7
LF:123
LH:73
BRDA:28,0,0,0
BRDA:28,0,1,4
BRDA:28,1,0,4
BRDA:28,1,1,4
BRDA:29,2,0,0
BRDA:29,2,1,0
BRDA:77,3,0,1
BRDA:85,4,0,1
BRDA:85,4,1,0
BRDA:86,5,0,1
BRDA:86,5,1,0
BRDA:87,6,0,1
BRDA:87,6,1,0
BRDA:99,7,0,1
BRDA:99,7,1,0
BRDA:99,7,2,0
BRDA:100,8,0,1
BRDA:100,8,1,0
BRDA:100,8,2,0
BRDA:101,9,0,1
BRDA:101,9,1,1
BRDA:116,10,0,1
BRDA:116,11,0,3
BRDA:116,11,1,3
BRDA:116,11,2,2
BRDA:126,12,0,0
BRDA:133,13,0,1
BRDA:152,14,0,0
BRDA:152,14,1,0
BRDA:152,15,0,0
BRDA:152,15,1,0
BRDA:161,16,0,0
BRDA:161,17,0,1
BRDA:161,17,1,1
BRDA:161,17,2,1
BRDA:161,17,3,1
BRDA:161,17,4,1
BRDA:174,18,0,1
BRDA:174,18,1,1
BRDA:176,19,0,0
BRDA:190,20,0,1
BRDA:190,20,1,0
BRDA:192,21,0,0
BRDA:218,22,0,0
BRDA:218,22,1,0
BRDA:218,23,0,0
BRDA:218,23,1,0
BRDA:229,24,0,0
BRDA:229,25,0,0
BRDA:229,25,1,0
BRDA:239,26,0,0
BRDA:239,26,1,0
BRDA:281,27,0,0
BRDA:281,28,0,0
BRDA:281,28,1,0
BRDA:296,29,0,0
BRDA:303,30,0,0
BRDA:315,31,0,0
BRDA:315,31,1,0
BRF:59
BRH:24
end_of_record
TN:
SF:src\routes\posts.ts
FN:8,(anonymous_0)
FN:66,(anonymous_1)
FN:89,(anonymous_2)
FN:110,(anonymous_3)
FN:128,(anonymous_4)
FN:159,(anonymous_5)
FN:181,(anonymous_6)
FN:205,(anonymous_7)
FNF:8
FNH:6
FNDA:2,(anonymous_0)
FNDA:3,(anonymous_1)
FNDA:2,(anonymous_2)
FNDA:0,(anonymous_3)
FNDA:1,(anonymous_4)
FNDA:2,(anonymous_5)
FNDA:0,(anonymous_6)
FNDA:1,(anonymous_7)
DA:1,7
DA:2,7
DA:3,7
DA:5,7
DA:8,7
DA:9,2
DA:10,2
DA:11,1
DA:12,1
DA:13,1
DA:15,1
DA:16,1
DA:17,1
DA:19,1
DA:33,1
DA:44,1
DA:57,1
DA:60,0
DA:61,0
DA:66,7
DA:67,3
DA:69,3
DA:70,2
DA:71,2
DA:74,1
DA:75,1
DA:81,1
DA:83,0
DA:84,0
DA:89,7
DA:90,2
DA:91,2
DA:92,1
DA:93,1
DA:95,1
DA:96,1
DA:102,1
DA:104,0
DA:105,0
DA:110,7
DA:111,0
DA:112,0
DA:120,0
DA:122,0
DA:123,0
DA:128,7
DA:129,1
DA:131,1
DA:138,1
DA:146,1
DA:147,0
DA:148,0
DA:151,1
DA:153,0
DA:154,0
DA:159,7
DA:160,2
DA:162,2
DA:163,1
DA:164,1
DA:167,1
DA:168,1
DA:173,1
DA:175,0
DA:176,0
DA:181,7
DA:182,0
DA:183,0
DA:184,0
DA:185,0
DA:187,0
DA:188,0
DA:193,0
DA:194,0
DA:195,0
DA:197,0
DA:199,0
DA:200,0
DA:205,7
DA:206,1
DA:207,1
DA:211,1
DA:212,1
DA:213,1
DA:215,0
DA:217,0
DA:218,0
DA:222,7
LF:88
LH:56
BRDA:10,0,0,1
BRDA:10,0,1,1
BRDA:10,1,0,2
BRDA:10,1,1,1
BRDA:11,2,0,1
BRDA:11,2,1,0
BRDA:12,3,0,1
BRDA:12,3,1,0
BRDA:69,4,0,2
BRDA:69,5,0,3
BRDA:69,5,1,2
BRDA:79,6,0,1
BRDA:79,6,1,1
BRDA:79,7,0,1
BRDA:79,7,1,1
BRDA:91,8,0,1
BRDA:146,9,0,0
BRDA:162,10,0,1
BRDA:183,11,0,0
BRDA:183,12,0,0
BRDA:183,12,1,0
BRDA:193,13,0,0
BRDA:211,14,0,1
BRF:23
BRH:16
end_of_record
TN:
SF:src\routes\reports.ts
FN:8,(anonymous_0)
FN:32,(anonymous_1)
FN:60,(anonymous_2)
FNF:3
FNH:3
FNDA:2,(anonymous_0)
FNDA:3,(anonymous_1)
FNDA:3,(anonymous_2)
DA:1,7
DA:2,7
DA:3,7
DA:5,7
DA:8,7
DA:9,2
DA:10,2
DA:24,2
DA:26,0
DA:27,0
DA:32,7
DA:33,3
DA:35,3
DA:36,1
DA:37,1
DA:40,2
DA:41,1
DA:42,1
DA:45,1
DA:46,1
DA:52,1
DA:54,0
DA:55,0
DA:60,7
DA:61,3
DA:63,3
DA:64,1
DA:65,1
DA:68,2
DA:69,2
DA:74,2
DA:75,1
DA:76,1
DA:79,1
DA:81,0
DA:82,0
DA:86,7
LF:37
LH:31
BRDA:35,0,0,1
BRDA:40,1,0,1
BRDA:40,2,0,2
BRDA:40,2,1,1
BRDA:40,2,2,1
BRDA:50,3,0,1
BRDA:50,3,1,0
BRDA:50,4,0,1
BRDA:50,4,1,1
BRDA:50,5,0,1
BRDA:50,5,1,1
BRDA:63,6,0,1
BRDA:63,7,0,3
BRDA:63,7,1,3
BRDA:74,8,0,1
BRF:15
BRH:14
end_of_record
TN:
SF:src\routes\teams.ts
FN:8,(anonymous_0)
FN:52,(anonymous_1)
FN:77,(anonymous_2)
FNF:3
FNH:2
FNDA:1,(anonymous_0)
FNDA:1,(anonymous_1)
FNDA:0,(anonymous_2)
DA:1,7
DA:2,7
DA:3,7
DA:5,7
DA:8,7
DA:9,1
DA:10,1
DA:11,0
DA:12,0
DA:15,1
DA:17,1
DA:20,1
DA:26,1
DA:29,1
DA:34,1
DA:36,1
DA:41,0
DA:42,0
DA:43,0
DA:44,0
DA:46,0
DA:52,7
DA:53,1
DA:54,1
DA:69,1
DA:71,0
DA:72,0
DA:77,7
DA:78,0
DA:79,0
DA:80,0
DA:82,0
DA:83,0
DA:84,0
DA:87,0
DA:89,0
DA:97,0
DA:102,0
DA:103,0
DA:107,7
LF:40
LH:20
BRDA:10,0,0,0
BRDA:43,1,0,0
BRDA:43,1,1,0
BRDA:82,2,0,0
BRF:4
BRH:0
end_of_record
TN:
SF:src\routes\tournaments.ts
FN:8,(anonymous_0)
FN:68,(anonymous_1)
FN:95,(anonymous_2)
FN:125,(anonymous_3)
FN:147,(anonymous_4)
FN:207,(anonymous_5)
FN:241,(anonymous_6)
FN:263,(anonymous_7)
FN:280,(anonymous_8)
FNF:9
FNH:3
FNDA:1,(anonymous_0)
FNDA:0,(anonymous_1)
FNDA:1,(anonymous_2)
FNDA:1,(anonymous_3)
FNDA:0,(anonymous_4)
FNDA:0,(anonymous_5)
FNDA:0,(anonymous_6)
FNDA:0,(anonymous_7)
FNDA:0,(anonymous_8)
DA:1,7
DA:2,7
DA:3,7
DA:5,7
DA:8,7
DA:9,1
DA:10,1
DA:11,0
DA:12,0
DA:13,0
DA:15,0
DA:16,0
DA:17,0
DA:19,0
DA:35,0
DA:45,1
DA:59,1
DA:62,0
DA:63,0
DA:68,7
DA:69,0
DA:70,0
DA:83,0
DA:84,0
DA:85,0
DA:87,0
DA:89,0
DA:90,0
DA:95,7
DA:96,1
DA:98,1
DA:99,0
DA:100,0
DA:103,1
DA:104,1
DA:110,1
DA:115,0
DA:116,0
DA:121,7
DA:126,1
DA:127,1
DA:133,1
DA:134,0
DA:135,0
DA:138,1
DA:140,0
DA:141,0
DA:147,7
DA:148,0
DA:150,0
DA:151,0
DA:152,0
DA:155,0
DA:157,0
DA:162,0
DA:163,0
DA:164,0
DA:167,0
DA:168,0
DA:169,0
DA:170,0
DA:172,0
DA:173,0
DA:174,0
DA:178,0
DA:183,0
DA:184,0
DA:185,0
DA:188,0
DA:194,0
DA:196,0
DA:197,0
DA:198,0
DA:200,0
DA:201,0
DA:207,7
DA:208,0
DA:209,0
DA:210,0
DA:211,0
DA:212,0
DA:213,0
DA:214,0
DA:216,0
DA:217,0
DA:218,0
DA:221,0
DA:233,0
DA:235,0
DA:236,0
DA:241,7
DA:242,0
DA:243,0
DA:244,0
DA:245,0
DA:246,0
DA:247,0
DA:249,0
DA:250,0
DA:251,0
DA:254,0
DA:255,0
DA:257,0
DA:258,0
DA:263,7
DA:264,0
DA:265,0
DA:266,0
DA:267,0
DA:268,0
DA:269,0
DA:271,0
DA:272,0
DA:274,0
DA:275,0
DA:280,7
DA:281,0
DA:282,0
DA:296,0
DA:297,0
DA:298,0
DA:305,0
DA:311,0
DA:313,0
DA:314,0
DA:318,7
LF:126
LH:27
BRDA:10,0,0,0
BRDA:10,0,1,1
BRDA:10,1,0,1
BRDA:10,1,1,1
BRDA:11,2,0,0
BRDA:11,2,1,0
BRDA:12,3,0,0
BRDA:12,3,1,0
BRDA:83,4,0,0
BRDA:98,5,0,0
BRDA:98,6,0,1
BRDA:98,6,1,1
BRDA:108,7,0,1
BRDA:108,7,1,0
BRDA:108,8,0,1
BRDA:108,8,1,1
BRDA:108,9,0,1
BRDA:108,9,1,0
BRDA:133,10,0,0
BRDA:150,11,0,0
BRDA:162,12,0,0
BRDA:168,13,0,0
BRDA:172,14,0,0
BRDA:183,15,0,0
BRDA:197,16,0,0
BRDA:197,16,1,0
BRDA:212,17,0,0
BRDA:216,18,0,0
BRDA:216,19,0,0
BRDA:216,19,1,0
BRDA:231,20,0,0
BRDA:231,20,1,0
BRDA:231,21,0,0
BRDA:231,21,1,0
BRDA:245,22,0,0
BRDA:249,23,0,0
BRDA:249,24,0,0
BRDA:249,24,1,0
BRDA:267,25,0,0
BRF:39
BRH:9
end_of_record
TN:
SF:src\routes\users.ts
FN:9,(anonymous_1)
FN:22,(anonymous_2)
FN:46,(anonymous_3)
FN:102,(anonymous_4)
FNF:4
FNH:0
FNDA:0,(anonymous_1)
FNDA:0,(anonymous_2)
FNDA:0,(anonymous_3)
FNDA:0,(anonymous_4)
DA:1,7
DA:2,7
DA:3,7
DA:4,7
DA:6,7
DA:9,7
DA:10,0
DA:11,0
DA:14,0
DA:16,0
DA:17,0
DA:22,7
DA:23,0
DA:24,0
DA:25,0
DA:26,0
DA:28,0
DA:29,0
DA:30,0
DA:34,0
DA:36,0
DA:37,0
DA:39,0
DA:40,0
DA:46,7
DA:47,0
DA:48,0
DA:50,0
DA:51,0
DA:52,0
DA:55,0
DA:56,0
DA:57,0
DA:58,0
DA:60,0
DA:61,0
DA:62,0
DA:64,0
DA:65,0
DA:66,0
DA:68,0
DA:69,0
DA:70,0
DA:72,0
DA:73,0
DA:74,0
DA:75,0
DA:78,0
DA:79,0
DA:80,0
DA:83,0
DA:84,0
DA:89,0
DA:90,0
DA:91,0
DA:94,0
DA:96,0
DA:97,0
DA:102,7
DA:103,0
DA:104,0
DA:105,0
DA:106,0
DA:107,0
DA:108,0
DA:110,0
DA:112,0
DA:113,0
DA:117,7
LF:69
LH:10
BRDA:24,0,0,0
BRDA:24,1,0,0
BRDA:24,1,1,0
BRDA:24,1,2,0
BRDA:32,2,0,0
BRDA:32,2,1,0
BRDA:36,3,0,0
BRDA:36,3,1,0
BRDA:50,4,0,0
BRDA:50,5,0,0
BRDA:50,5,1,0
BRDA:60,6,0,0
BRDA:64,7,0,0
BRDA:68,8,0,0
BRDA:68,9,0,0
BRDA:68,9,1,0
BRDA:72,10,0,0
BRDA:78,11,0,0
BRDA:89,12,0,0
BRDA:106,13,0,0
BRF:20
BRH:0
end_of_record
TN:
SF:src\services\cognitoService.ts
FN:18,(anonymous_0)
FN:25,(anonymous_1)
FN:51,(anonymous_2)
FNF:3
FNH:1
FNDA:4,(anonymous_0)
FNDA:0,(anonymous_1)
FNDA:0,(anonymous_2)
DA:1,7
DA:8,7
DA:12,7
DA:13,7
DA:18,7
DA:19,4
DA:25,7
DA:26,0
DA:27,0
DA:30,0
DA:40,0
DA:42,0
DA:43,0
DA:45,0
DA:51,7
DA:52,0
DA:53,0
DA:56,0
DA:65,0
DA:66,0
DA:68,0
DA:69,0
DA:73,0
LF:23
LH:8
BRDA:9,0,0,7
BRDA:9,0,1,7
BRDA:19,1,0,4
BRDA:19,1,1,0
BRDA:26,2,0,0
BRDA:42,3,0,0
BRDA:52,4,0,0
BRDA:68,5,0,0
BRDA:68,6,0,0
BRDA:68,6,1,0
BRDA:68,6,2,0
BRF:11
BRH:3
end_of_record
